This file contains any messages produced by compilers while
running configure, to aid debugging if configure makes a mistake.

It was created by RCSSServer configure 19.0.0, which was
generated by GNU Autoconf 2.71.  Invocation command line was

  $ ./configure

## --------- ##
## Platform. ##
## --------- ##

hostname = HarukinoPC
uname -m = x86_64
uname -r = 6.6.87.2-microsoft-standard-WSL2
uname -s = Linux
uname -v = #1 SMP PREEMPT_DYNAMIC Thu Jun  5 18:30:46 UTC 2025

/usr/bin/uname -p = x86_64
/bin/uname -X     = unknown

/bin/arch              = x86_64
/usr/bin/arch -k       = unknown
/usr/convex/getsysinfo = unknown
/usr/bin/hostinfo      = unknown
/bin/machine           = unknown
/usr/bin/oslevel       = unknown
/bin/universe          = unknown

PATH: /home/maeshima/.vscode-server/data/User/globalStorage/github.copilot-chat/debugCommand/
PATH: /home/maeshima/.vscode-server/data/User/globalStorage/github.copilot-chat/copilotCli/
PATH: /home/maeshima/.vscode-server/bin/bdd88df003631aaa0bcbe057cb0a940b80a476fa/bin/remote-cli/
PATH: /usr/local/sbin/
PATH: /usr/local/bin/
PATH: /usr/sbin/
PATH: /usr/bin/
PATH: /sbin/
PATH: /bin/
PATH: /usr/games/
PATH: /usr/local/games/
PATH: /usr/lib/wsl/lib/
PATH: /mnt/c/WINDOWS/system32/
PATH: /mnt/c/WINDOWS/
PATH: /mnt/c/WINDOWS/System32/Wbem/
PATH: /mnt/c/WINDOWS/System32/WindowsPowerShell/v1.0/
PATH: /mnt/c/WINDOWS/System32/OpenSSH/
PATH: /mnt/c/Program Files/dotnet/
PATH: /mnt/c/Program Files/nodejs/
PATH: /mnt/c/Program Files/PowerShell/7/
PATH: /mnt/c/Program Files/Git/cmd/
PATH: /mnt/c/Program Files/Docker/Docker/resources/bin/
PATH: /mnt/c/Users/raman/.elan/bin/
PATH: /mnt/c/Users/raman/AppData/Local/Microsoft/WindowsApps/
PATH: /mnt/c/texlive/2023/bin/windows/
PATH: /mnt/c/Users/raman/AppData/Local/Programs/Microsoft VS Code/bin/
PATH: /mnt/c/Users/raman/AppData/Roaming/npm/
PATH: /mnt/c/Program Files/nodejs/
PATH: /mnt/c/texlive/2025/bin/windows/
PATH: /snap/bin/


## ----------- ##
## Core tests. ##
## ----------- ##

configure:3045: looking for aux files: ltmain.sh config.guess config.sub compile missing install-sh
configure:3058:  trying ./
configure:3087:   ./ltmain.sh found
configure:3087:   ./config.guess found
configure:3087:   ./config.sub found
configure:3087:   ./compile found
configure:3087:   ./missing found
configure:3069:   ./install-sh found
configure:3218: checking for a BSD-compatible install
configure:3291: result: /usr/bin/install -c
configure:3302: checking whether build environment is sane
configure:3357: result: yes
configure:3516: checking for a race-free mkdir -p
configure:3560: result: /usr/bin/mkdir -p
configure:3567: checking for gawk
configure:3588: found /usr/bin/gawk
configure:3599: result: gawk
configure:3610: checking whether make sets $(MAKE)
configure:3633: result: yes
configure:3663: checking whether make supports nested variables
configure:3681: result: yes
configure:3895: checking for g++
configure:3916: found /usr/bin/g++
configure:3927: result: g++
configure:3954: checking for C++ compiler version
configure:3963: g++ --version >&5
g++ (Ubuntu 13.3.0-6ubuntu2~24.04) 13.3.0
Copyright (C) 2023 Free Software Foundation, Inc.
This is free software; see the source for copying conditions.  There is NO
warranty; not even for MERCHANTABILITY or FITNESS FOR A PARTICULAR PURPOSE.

configure:3974: $? = 0
configure:3963: g++ -v >&5
Using built-in specs.
COLLECT_GCC=g++
COLLECT_LTO_WRAPPER=/usr/libexec/gcc/x86_64-linux-gnu/13/lto-wrapper
OFFLOAD_TARGET_NAMES=nvptx-none:amdgcn-amdhsa
OFFLOAD_TARGET_DEFAULT=1
Target: x86_64-linux-gnu
Configured with: ../src/configure -v --with-pkgversion='Ubuntu 13.3.0-6ubuntu2~24.04' --with-bugurl=file:///usr/share/doc/gcc-13/README.Bugs --enable-languages=c,ada,c++,go,d,fortran,objc,obj-c++,m2 --prefix=/usr --with-gcc-major-version-only --program-suffix=-13 --program-prefix=x86_64-linux-gnu- --enable-shared --enable-linker-build-id --libexecdir=/usr/libexec --without-included-gettext --enable-threads=posix --libdir=/usr/lib --enable-nls --enable-bootstrap --enable-clocale=gnu --enable-libstdcxx-debug --enable-libstdcxx-time=yes --with-default-libstdcxx-abi=new --enable-libstdcxx-backtrace --enable-gnu-unique-object --disable-vtable-verify --enable-plugin --enable-default-pie --with-system-zlib --enable-libphobos-checking=release --with-target-system-zlib=auto --enable-objc-gc=auto --enable-multiarch --disable-werror --enable-cet --with-arch-32=i686 --with-abi=m64 --with-multilib-list=m32,m64,mx32 --enable-multilib --with-tune=generic --enable-offload-targets=nvptx-none=/build/gcc-13-fG75Ri/gcc-13-13.3.0/debian/tmp-nvptx/usr,amdgcn-amdhsa=/build/gcc-13-fG75Ri/gcc-13-13.3.0/debian/tmp-gcn/usr --enable-offload-defaulted --without-cuda-driver --enable-checking=release --build=x86_64-linux-gnu --host=x86_64-linux-gnu --target=x86_64-linux-gnu --with-build-config=bootstrap-lto-lean --enable-link-serialization=2
Thread model: posix
Supported LTO compression algorithms: zlib zstd
gcc version 13.3.0 (Ubuntu 13.3.0-6ubuntu2~24.04) 
... rest of stderr output deleted ...
configure:3974: $? = 0
configure:3963: g++ -V >&5
g++: error: unrecognized command-line option '-V'
g++: fatal error: no input files
compilation terminated.
configure:3974: $? = 1
configure:3963: g++ -qversion >&5
g++: error: unrecognized command-line option '-qversion'; did you mean '--version'?
g++: fatal error: no input files
compilation terminated.
configure:3974: $? = 1
configure:3994: checking whether the C++ compiler works
configure:4016: g++    conftest.cpp  >&5
configure:4020: $? = 0
configure:4070: result: yes
configure:4073: checking for C++ compiler default output file name
configure:4075: result: a.out
configure:4081: checking for suffix of executables
configure:4088: g++ -o conftest    conftest.cpp  >&5
configure:4092: $? = 0
configure:4115: result: 
configure:4137: checking whether we are cross compiling
configure:4145: g++ -o conftest    conftest.cpp  >&5
configure:4149: $? = 0
configure:4156: ./conftest
configure:4160: $? = 0
configure:4175: result: no
configure:4180: checking for suffix of object files
configure:4203: g++ -c   conftest.cpp >&5
configure:4207: $? = 0
configure:4229: result: o
configure:4233: checking whether the compiler supports GNU C++
configure:4253: g++ -c   conftest.cpp >&5
configure:4253: $? = 0
configure:4263: result: yes
configure:4274: checking whether g++ accepts -g
configure:4295: g++ -c -g  conftest.cpp >&5
configure:4295: $? = 0
configure:4339: result: yes
configure:4359: checking for g++ option to enable C++11 features
configure:4374: g++  -c -g -O2  conftest.cpp >&5
conftest.cpp: In function 'int main(int, char**)':
conftest.cpp:177:25: warning: empty parentheses were disambiguated as a function declaration [-Wvexing-parse]
  177 |   cxx11test::delegate d2();
      |                         ^~
conftest.cpp:177:25: note: remove parentheses to default-initialize a variable
  177 |   cxx11test::delegate d2();
      |                         ^~
      |                         --
conftest.cpp:177:25: note: or replace parentheses with braces to value-initialize a variable
configure:4374: $? = 0
configure:4392: result: none needed
configure:4459: checking whether make supports the include directive
configure:4474: make -f confmf.GNU && cat confinc.out
this is the am__doit target
configure:4477: $? = 0
configure:4496: result: yes (GNU style)
configure:4522: checking dependency style of g++
configure:4634: result: gcc3
configure:4653: checking for gawk
configure:4685: result: gawk
configure:4758: checking for gcc
configure:4779: found /usr/bin/gcc
configure:4790: result: gcc
configure:5143: checking for C compiler version
configure:5152: gcc --version >&5
gcc (Ubuntu 13.3.0-6ubuntu2~24.04) 13.3.0
Copyright (C) 2023 Free Software Foundation, Inc.
This is free software; see the source for copying conditions.  There is NO
warranty; not even for MERCHANTABILITY or FITNESS FOR A PARTICULAR PURPOSE.

configure:5163: $? = 0
configure:5152: gcc -v >&5
Using built-in specs.
COLLECT_GCC=gcc
COLLECT_LTO_WRAPPER=/usr/libexec/gcc/x86_64-linux-gnu/13/lto-wrapper
OFFLOAD_TARGET_NAMES=nvptx-none:amdgcn-amdhsa
OFFLOAD_TARGET_DEFAULT=1
Target: x86_64-linux-gnu
Configured with: ../src/configure -v --with-pkgversion='Ubuntu 13.3.0-6ubuntu2~24.04' --with-bugurl=file:///usr/share/doc/gcc-13/README.Bugs --enable-languages=c,ada,c++,go,d,fortran,objc,obj-c++,m2 --prefix=/usr --with-gcc-major-version-only --program-suffix=-13 --program-prefix=x86_64-linux-gnu- --enable-shared --enable-linker-build-id --libexecdir=/usr/libexec --without-included-gettext --enable-threads=posix --libdir=/usr/lib --enable-nls --enable-bootstrap --enable-clocale=gnu --enable-libstdcxx-debug --enable-libstdcxx-time=yes --with-default-libstdcxx-abi=new --enable-libstdcxx-backtrace --enable-gnu-unique-object --disable-vtable-verify --enable-plugin --enable-default-pie --with-system-zlib --enable-libphobos-checking=release --with-target-system-zlib=auto --enable-objc-gc=auto --enable-multiarch --disable-werror --enable-cet --with-arch-32=i686 --with-abi=m64 --with-multilib-list=m32,m64,mx32 --enable-multilib --with-tune=generic --enable-offload-targets=nvptx-none=/build/gcc-13-fG75Ri/gcc-13-13.3.0/debian/tmp-nvptx/usr,amdgcn-amdhsa=/build/gcc-13-fG75Ri/gcc-13-13.3.0/debian/tmp-gcn/usr --enable-offload-defaulted --without-cuda-driver --enable-checking=release --build=x86_64-linux-gnu --host=x86_64-linux-gnu --target=x86_64-linux-gnu --with-build-config=bootstrap-lto-lean --enable-link-serialization=2
Thread model: posix
Supported LTO compression algorithms: zlib zstd
gcc version 13.3.0 (Ubuntu 13.3.0-6ubuntu2~24.04) 
... rest of stderr output deleted ...
configure:5163: $? = 0
configure:5152: gcc -V >&5
gcc: error: unrecognized command-line option '-V'
gcc: fatal error: no input files
compilation terminated.
configure:5163: $? = 1
configure:5152: gcc -qversion >&5
gcc: error: unrecognized command-line option '-qversion'; did you mean '--version'?
gcc: fatal error: no input files
compilation terminated.
configure:5163: $? = 1
configure:5152: gcc -version >&5
gcc: error: unrecognized command-line option '-version'
gcc: fatal error: no input files
compilation terminated.
configure:5163: $? = 1
configure:5167: checking whether the compiler supports GNU C
configure:5187: gcc -c   conftest.c >&5
configure:5187: $? = 0
configure:5197: result: yes
configure:5208: checking whether gcc accepts -g
configure:5229: gcc -c -g  conftest.c >&5
configure:5229: $? = 0
configure:5273: result: yes
configure:5293: checking for gcc option to enable C11 features
configure:5308: gcc  -c -g -O2  conftest.c >&5
configure:5308: $? = 0
configure:5326: result: none needed
configure:5442: checking whether gcc understands -c and -o together
configure:5465: gcc -c conftest.c -o conftest2.o
configure:5468: $? = 0
configure:5465: gcc -c conftest.c -o conftest2.o
configure:5468: $? = 0
configure:5480: result: yes
configure:5499: checking dependency style of gcc
configure:5611: result: gcc3
configure:5631: checking how to run the C preprocessor
configure:5657: gcc -E  conftest.c
configure:5657: $? = 0
configure:5672: gcc -E  conftest.c
conftest.c:11:10: fatal error: ac_nonexistent.h: No such file or directory
   11 | #include <ac_nonexistent.h>
      |          ^~~~~~~~~~~~~~~~~~
compilation terminated.
configure:5672: $? = 1
configure: failed program was:
| /* confdefs.h */
| #define PACKAGE_NAME "RCSSServer"
| #define PACKAGE_TARNAME "rcssserver"
| #define PACKAGE_VERSION "19.0.0"
| #define PACKAGE_STRING "RCSSServer 19.0.0"
| #define PACKAGE_BUGREPORT "https://github.com/rcsoccersim/"
| #define PACKAGE_URL ""
| #define PACKAGE "rcssserver"
| #define VERSION "19.0.0"
| /* end confdefs.h.  */
| #include <ac_nonexistent.h>
configure:5699: result: gcc -E
configure:5713: gcc -E  conftest.c
configure:5713: $? = 0
configure:5728: gcc -E  conftest.c
conftest.c:11:10: fatal error: ac_nonexistent.h: No such file or directory
   11 | #include <ac_nonexistent.h>
      |          ^~~~~~~~~~~~~~~~~~
compilation terminated.
configure:5728: $? = 1
configure: failed program was:
| /* confdefs.h */
| #define PACKAGE_NAME "RCSSServer"
| #define PACKAGE_TARNAME "rcssserver"
| #define PACKAGE_VERSION "19.0.0"
| #define PACKAGE_STRING "RCSSServer 19.0.0"
| #define PACKAGE_BUGREPORT "https://github.com/rcsoccersim/"
| #define PACKAGE_URL ""
| #define PACKAGE "rcssserver"
| #define VERSION "19.0.0"
| /* end confdefs.h.  */
| #include <ac_nonexistent.h>
configure:5759: checking whether ln -s works
configure:5763: result: yes
configure:5770: checking whether make sets $(MAKE)
configure:5793: result: yes
configure:5812: checking for cos in -lm
configure:5835: gcc -o conftest -g -O2   conftest.c -lm   >&5
conftest.c:15:6: warning: conflicting types for built-in function 'cos'; expected 'double(double)' [-Wbuiltin-declaration-mismatch]
   15 | char cos ();
      |      ^~~
conftest.c:1:1: note: 'cos' is declared in header '<math.h>'
    1 | /* confdefs.h */
configure:5835: $? = 0
configure:5845: result: yes
configure:5865: checking for stdio.h
configure:5865: gcc -c -g -O2  conftest.c >&5
configure:5865: $? = 0
configure:5865: result: yes
configure:5865: checking for stdlib.h
configure:5865: gcc -c -g -O2  conftest.c >&5
configure:5865: $? = 0
configure:5865: result: yes
configure:5865: checking for string.h
configure:5865: gcc -c -g -O2  conftest.c >&5
configure:5865: $? = 0
configure:5865: result: yes
configure:5865: checking for inttypes.h
configure:5865: gcc -c -g -O2  conftest.c >&5
configure:5865: $? = 0
configure:5865: result: yes
configure:5865: checking for stdint.h
configure:5865: gcc -c -g -O2  conftest.c >&5
configure:5865: $? = 0
configure:5865: result: yes
configure:5865: checking for strings.h
configure:5865: gcc -c -g -O2  conftest.c >&5
configure:5865: $? = 0
configure:5865: result: yes
configure:5865: checking for sys/stat.h
configure:5865: gcc -c -g -O2  conftest.c >&5
configure:5865: $? = 0
configure:5865: result: yes
configure:5865: checking for sys/types.h
configure:5865: gcc -c -g -O2  conftest.c >&5
configure:5865: $? = 0
configure:5865: result: yes
configure:5865: checking for unistd.h
configure:5865: gcc -c -g -O2  conftest.c >&5
configure:5865: $? = 0
configure:5865: result: yes
configure:5865: checking for vfork.h
configure:5865: gcc -c -g -O2  conftest.c >&5
conftest.c:49:10: fatal error: vfork.h: No such file or directory
   49 | #include <vfork.h>
      |          ^~~~~~~~~
compilation terminated.
configure:5865: $? = 1
configure: failed program was:
| /* confdefs.h */
| #define PACKAGE_NAME "RCSSServer"
| #define PACKAGE_TARNAME "rcssserver"
| #define PACKAGE_VERSION "19.0.0"
| #define PACKAGE_STRING "RCSSServer 19.0.0"
| #define PACKAGE_BUGREPORT "https://github.com/rcsoccersim/"
| #define PACKAGE_URL ""
| #define PACKAGE "rcssserver"
| #define VERSION "19.0.0"
| #define HAVE_LIBM 1
| #define HAVE_STDIO_H 1
| #define HAVE_STDLIB_H 1
| #define HAVE_STRING_H 1
| #define HAVE_INTTYPES_H 1
| #define HAVE_STDINT_H 1
| #define HAVE_STRINGS_H 1
| #define HAVE_SYS_STAT_H 1
| #define HAVE_SYS_TYPES_H 1
| #define HAVE_UNISTD_H 1
| /* end confdefs.h.  */
| #include <stddef.h>
| #ifdef HAVE_STDIO_H
| # include <stdio.h>
| #endif
| #ifdef HAVE_STDLIB_H
| # include <stdlib.h>
| #endif
| #ifdef HAVE_STRING_H
| # include <string.h>
| #endif
| #ifdef HAVE_INTTYPES_H
| # include <inttypes.h>
| #endif
| #ifdef HAVE_STDINT_H
| # include <stdint.h>
| #endif
| #ifdef HAVE_STRINGS_H
| # include <strings.h>
| #endif
| #ifdef HAVE_SYS_TYPES_H
| # include <sys/types.h>
| #endif
| #ifdef HAVE_SYS_STAT_H
| # include <sys/stat.h>
| #endif
| #ifdef HAVE_UNISTD_H
| # include <unistd.h>
| #endif
| #include <vfork.h>
configure:5865: result: no
configure:5865: checking for sys/select.h
configure:5865: gcc -c -g -O2  conftest.c >&5
configure:5865: $? = 0
configure:5865: result: yes
configure:5865: checking for sys/socket.h
configure:5865: gcc -c -g -O2  conftest.c >&5
configure:5865: $? = 0
configure:5865: result: yes
configure:5893: checking if zlib is wanted
configure:5916: result: yes
configure:5946: checking for inflateEnd in -lz
configure:5969: gcc -o conftest -g -O2  -I/usr/include  -L/usr/lib conftest.c -lz  -lm  >&5
configure:5969: $? = 0
configure:5979: result: yes
configure:5988: checking for zlib.h
configure:5988: gcc -c -g -O2  -I/usr/include conftest.c >&5
configure:5988: $? = 0
configure:5988: result: yes
configure:6029: checking for size_t
configure:6029: gcc -c -g -O2  -I/usr/include -I/usr/include conftest.c >&5
configure:6029: $? = 0
configure:6029: gcc -c -g -O2  -I/usr/include -I/usr/include conftest.c >&5
conftest.c: In function 'main':
conftest.c:56:21: error: expected expression before ')' token
   56 | if (sizeof ((size_t)))
      |                     ^
configure:6029: $? = 1
configure: failed program was:
| /* confdefs.h */
| #define PACKAGE_NAME "RCSSServer"
| #define PACKAGE_TARNAME "rcssserver"
| #define PACKAGE_VERSION "19.0.0"
| #define PACKAGE_STRING "RCSSServer 19.0.0"
| #define PACKAGE_BUGREPORT "https://github.com/rcsoccersim/"
| #define PACKAGE_URL ""
| #define PACKAGE "rcssserver"
| #define VERSION "19.0.0"
| #define HAVE_LIBM 1
| #define HAVE_STDIO_H 1
| #define HAVE_STDLIB_H 1
| #define HAVE_STRING_H 1
| #define HAVE_INTTYPES_H 1
| #define HAVE_STDINT_H 1
| #define HAVE_STRINGS_H 1
| #define HAVE_SYS_STAT_H 1
| #define HAVE_SYS_TYPES_H 1
| #define HAVE_UNISTD_H 1
| #define HAVE_SYS_SELECT_H 1
| #define HAVE_SYS_SOCKET_H 1
| #define STDC_HEADERS 1
| #define HAVE_LIBZ 1
| /* end confdefs.h.  */
| #include <stddef.h>
| #ifdef HAVE_STDIO_H
| # include <stdio.h>
| #endif
| #ifdef HAVE_STDLIB_H
| # include <stdlib.h>
| #endif
| #ifdef HAVE_STRING_H
| # include <string.h>
| #endif
| #ifdef HAVE_INTTYPES_H
| # include <inttypes.h>
| #endif
| #ifdef HAVE_STDINT_H
| # include <stdint.h>
| #endif
| #ifdef HAVE_STRINGS_H
| # include <strings.h>
| #endif
| #ifdef HAVE_SYS_TYPES_H
| # include <sys/types.h>
| #endif
| #ifdef HAVE_SYS_STAT_H
| # include <sys/stat.h>
| #endif
| #ifdef HAVE_UNISTD_H
| # include <unistd.h>
| #endif
| int
| main (void)
| {
| if (sizeof ((size_t)))
| 	    return 0;
|   ;
|   return 0;
| }
configure:6029: result: yes
configure:6041: checking for working alloca.h
configure:6059: gcc -o conftest -g -O2  -I/usr/include -I/usr/include  -L/usr/lib -L/usr/lib conftest.c -lz -lm  >&5
configure:6059: $? = 0
configure:6068: result: yes
configure:6076: checking for alloca
configure:6121: result: yes
configure:6189: checking for arpa/inet.h
configure:6189: gcc -c -g -O2  -I/usr/include -I/usr/include conftest.c >&5
configure:6189: $? = 0
configure:6189: result: yes
configure:6195: checking for fcntl.h
configure:6195: gcc -c -g -O2  -I/usr/include -I/usr/include conftest.c >&5
configure:6195: $? = 0
configure:6195: result: yes
configure:6202: checking for inttypes.h
configure:6202: result: yes
configure:6208: checking for libintl.h
configure:6208: gcc -c -g -O2  -I/usr/include -I/usr/include conftest.c >&5
configure:6208: $? = 0
configure:6208: result: yes
configure:6214: checking for libintl.h
configure:6214: result: yes
configure:6220: checking for malloc.h
configure:6220: gcc -c -g -O2  -I/usr/include -I/usr/include conftest.c >&5
configure:6220: $? = 0
configure:6220: result: yes
configure:6226: checking for netdb.h
configure:6226: gcc -c -g -O2  -I/usr/include -I/usr/include conftest.c >&5
configure:6226: $? = 0
configure:6226: result: yes
configure:6233: checking for netinet/in.h
configure:6233: gcc -c -g -O2  -I/usr/include -I/usr/include conftest.c >&5
configure:6233: $? = 0
configure:6233: result: yes
configure:6239: checking for poll.h
configure:6239: gcc -c -g -O2  -I/usr/include -I/usr/include conftest.c >&5
configure:6239: $? = 0
configure:6239: result: yes
configure:6245: checking for pwd.h
configure:6245: gcc -c -g -O2  -I/usr/include -I/usr/include conftest.c >&5
configure:6245: $? = 0
configure:6245: result: yes
configure:6251: checking for stddef.h
configure:6251: gcc -c -g -O2  -I/usr/include -I/usr/include conftest.c >&5
configure:6251: $? = 0
configure:6251: result: yes
configure:6257: checking for stdlib.h
configure:6257: result: yes
configure:6263: checking for sys/param.h
configure:6263: gcc -c -g -O2  -I/usr/include -I/usr/include conftest.c >&5
configure:6263: $? = 0
configure:6263: result: yes
configure:6270: checking for sys/socket.h
configure:6270: result: yes
configure:6276: checking for sys/time.h
configure:6276: gcc -c -g -O2  -I/usr/include -I/usr/include conftest.c >&5
configure:6276: $? = 0
configure:6276: result: yes
configure:6282: checking for sys/types.h
configure:6282: result: yes
configure:6288: checking for unistd.h
configure:6288: result: yes
configure:6301: checking for _Bool
configure:6301: gcc -c -g -O2  -I/usr/include -I/usr/include conftest.c >&5
configure:6301: $? = 0
configure:6301: gcc -c -g -O2  -I/usr/include -I/usr/include conftest.c >&5
conftest.c: In function 'main':
conftest.c:75:20: error: expected expression before ')' token
   75 | if (sizeof ((_Bool)))
      |                    ^
configure:6301: $? = 1
configure: failed program was:
| /* confdefs.h */
| #define PACKAGE_NAME "RCSSServer"
| #define PACKAGE_TARNAME "rcssserver"
| #define PACKAGE_VERSION "19.0.0"
| #define PACKAGE_STRING "RCSSServer 19.0.0"
| #define PACKAGE_BUGREPORT "https://github.com/rcsoccersim/"
| #define PACKAGE_URL ""
| #define PACKAGE "rcssserver"
| #define VERSION "19.0.0"
| #define HAVE_LIBM 1
| #define HAVE_STDIO_H 1
| #define HAVE_STDLIB_H 1
| #define HAVE_STRING_H 1
| #define HAVE_INTTYPES_H 1
| #define HAVE_STDINT_H 1
| #define HAVE_STRINGS_H 1
| #define HAVE_SYS_STAT_H 1
| #define HAVE_SYS_TYPES_H 1
| #define HAVE_UNISTD_H 1
| #define HAVE_SYS_SELECT_H 1
| #define HAVE_SYS_SOCKET_H 1
| #define STDC_HEADERS 1
| #define HAVE_LIBZ 1
| #define HAVE_ALLOCA_H 1
| #define HAVE_ALLOCA 1
| #define HAVE_ARPA_INET_H 1
| #define HAVE_FCNTL_H 1
| #define HAVE_INTTYPES_H 1
| #define HAVE_LIBINTL_H 1
| #define HAVE_LIBINTL_H 1
| #define HAVE_MALLOC_H 1
| #define HAVE_NETDB_H 1
| #define HAVE_NETINET_IN_H 1
| #define HAVE_POLL_H 1
| #define HAVE_PWD_H 1
| #define HAVE_STDDEF_H 1
| #define HAVE_STDLIB_H 1
| #define HAVE_SYS_PARAM_H 1
| #define HAVE_SYS_SOCKET_H 1
| #define HAVE_SYS_TIME_H 1
| #define HAVE_SYS_TYPES_H 1
| #define HAVE_UNISTD_H 1
| /* end confdefs.h.  */
| #include <stddef.h>
| #ifdef HAVE_STDIO_H
| # include <stdio.h>
| #endif
| #ifdef HAVE_STDLIB_H
| # include <stdlib.h>
| #endif
| #ifdef HAVE_STRING_H
| # include <string.h>
| #endif
| #ifdef HAVE_INTTYPES_H
| # include <inttypes.h>
| #endif
| #ifdef HAVE_STDINT_H
| # include <stdint.h>
| #endif
| #ifdef HAVE_STRINGS_H
| # include <strings.h>
| #endif
| #ifdef HAVE_SYS_TYPES_H
| # include <sys/types.h>
| #endif
| #ifdef HAVE_SYS_STAT_H
| # include <sys/stat.h>
| #endif
| #ifdef HAVE_UNISTD_H
| # include <unistd.h>
| #endif
| int
| main (void)
| {
| if (sizeof ((_Bool)))
| 	    return 0;
|   ;
|   return 0;
| }
configure:6301: result: yes
configure:6310: checking for stdbool.h that conforms to C99
configure:6426: gcc -c -g -O2  -I/usr/include -I/usr/include conftest.c >&5
configure:6426: $? = 0
configure:6434: result: yes
configure:6443: checking for an ANSI C-conforming const
configure:6510: gcc -c -g -O2  -I/usr/include -I/usr/include conftest.c >&5
configure:6510: $? = 0
configure:6518: result: yes
configure:6526: checking for inline
configure:6543: gcc -c -g -O2  -I/usr/include -I/usr/include conftest.c >&5
configure:6543: $? = 0
configure:6552: result: inline
configure:6570: checking for int16_t
configure:6570: gcc -c -g -O2  -I/usr/include -I/usr/include conftest.c >&5
configure:6570: $? = 0
configure:6570: gcc -c -g -O2  -I/usr/include -I/usr/include conftest.c >&5
conftest.c: In function 'main':
conftest.c:78:12: error: size of array 'test_array' is negative
   78 | static int test_array [1 - 2 * !((int16_t) (((((int16_t) 1 << N) << N) - 1) * 2 + 1)
      |            ^~~~~~~~~~
configure:6570: $? = 1
configure: failed program was:
| /* confdefs.h */
| #define PACKAGE_NAME "RCSSServer"
| #define PACKAGE_TARNAME "rcssserver"
| #define PACKAGE_VERSION "19.0.0"
| #define PACKAGE_STRING "RCSSServer 19.0.0"
| #define PACKAGE_BUGREPORT "https://github.com/rcsoccersim/"
| #define PACKAGE_URL ""
| #define PACKAGE "rcssserver"
| #define VERSION "19.0.0"
| #define HAVE_LIBM 1
| #define HAVE_STDIO_H 1
| #define HAVE_STDLIB_H 1
| #define HAVE_STRING_H 1
| #define HAVE_INTTYPES_H 1
| #define HAVE_STDINT_H 1
| #define HAVE_STRINGS_H 1
| #define HAVE_SYS_STAT_H 1
| #define HAVE_SYS_TYPES_H 1
| #define HAVE_UNISTD_H 1
| #define HAVE_SYS_SELECT_H 1
| #define HAVE_SYS_SOCKET_H 1
| #define STDC_HEADERS 1
| #define HAVE_LIBZ 1
| #define HAVE_ALLOCA_H 1
| #define HAVE_ALLOCA 1
| #define HAVE_ARPA_INET_H 1
| #define HAVE_FCNTL_H 1
| #define HAVE_INTTYPES_H 1
| #define HAVE_LIBINTL_H 1
| #define HAVE_LIBINTL_H 1
| #define HAVE_MALLOC_H 1
| #define HAVE_NETDB_H 1
| #define HAVE_NETINET_IN_H 1
| #define HAVE_POLL_H 1
| #define HAVE_PWD_H 1
| #define HAVE_STDDEF_H 1
| #define HAVE_STDLIB_H 1
| #define HAVE_SYS_PARAM_H 1
| #define HAVE_SYS_SOCKET_H 1
| #define HAVE_SYS_TIME_H 1
| #define HAVE_SYS_TYPES_H 1
| #define HAVE_UNISTD_H 1
| #define HAVE__BOOL 1
| #define HAVE_STDBOOL_H 1
| /* end confdefs.h.  */
| #include <stddef.h>
| #ifdef HAVE_STDIO_H
| # include <stdio.h>
| #endif
| #ifdef HAVE_STDLIB_H
| # include <stdlib.h>
| #endif
| #ifdef HAVE_STRING_H
| # include <string.h>
| #endif
| #ifdef HAVE_INTTYPES_H
| # include <inttypes.h>
| #endif
| #ifdef HAVE_STDINT_H
| # include <stdint.h>
| #endif
| #ifdef HAVE_STRINGS_H
| # include <strings.h>
| #endif
| #ifdef HAVE_SYS_TYPES_H
| # include <sys/types.h>
| #endif
| #ifdef HAVE_SYS_STAT_H
| # include <sys/stat.h>
| #endif
| #ifdef HAVE_UNISTD_H
| # include <unistd.h>
| #endif
| 	        enum { N = 16 / 2 - 1 };
| int
| main (void)
| {
| static int test_array [1 - 2 * !((int16_t) (((((int16_t) 1 << N) << N) - 1) * 2 + 1)
| 		 < (int16_t) (((((int16_t) 1 << N) << N) - 1) * 2 + 2))];
| test_array [0] = 0;
| return test_array [0];
| 
|   ;
|   return 0;
| }
configure:6570: result: yes
configure:6579: checking for int32_t
configure:6579: gcc -c -g -O2  -I/usr/include -I/usr/include conftest.c >&5
configure:6579: $? = 0
configure:6579: gcc -c -g -O2  -I/usr/include -I/usr/include conftest.c >&5
conftest.c: In function 'main':
conftest.c:79:67: warning: integer overflow in expression of type 'int' results in '-2147483648' [-Woverflow]
   79 |                  < (int32_t) (((((int32_t) 1 << N) << N) - 1) * 2 + 2))];
      |                                                                   ^
conftest.c:78:12: error: storage size of 'test_array' isn't constant
   78 | static int test_array [1 - 2 * !((int32_t) (((((int32_t) 1 << N) << N) - 1) * 2 + 1)
      |            ^~~~~~~~~~
configure:6579: $? = 1
configure: failed program was:
| /* confdefs.h */
| #define PACKAGE_NAME "RCSSServer"
| #define PACKAGE_TARNAME "rcssserver"
| #define PACKAGE_VERSION "19.0.0"
| #define PACKAGE_STRING "RCSSServer 19.0.0"
| #define PACKAGE_BUGREPORT "https://github.com/rcsoccersim/"
| #define PACKAGE_URL ""
| #define PACKAGE "rcssserver"
| #define VERSION "19.0.0"
| #define HAVE_LIBM 1
| #define HAVE_STDIO_H 1
| #define HAVE_STDLIB_H 1
| #define HAVE_STRING_H 1
| #define HAVE_INTTYPES_H 1
| #define HAVE_STDINT_H 1
| #define HAVE_STRINGS_H 1
| #define HAVE_SYS_STAT_H 1
| #define HAVE_SYS_TYPES_H 1
| #define HAVE_UNISTD_H 1
| #define HAVE_SYS_SELECT_H 1
| #define HAVE_SYS_SOCKET_H 1
| #define STDC_HEADERS 1
| #define HAVE_LIBZ 1
| #define HAVE_ALLOCA_H 1
| #define HAVE_ALLOCA 1
| #define HAVE_ARPA_INET_H 1
| #define HAVE_FCNTL_H 1
| #define HAVE_INTTYPES_H 1
| #define HAVE_LIBINTL_H 1
| #define HAVE_LIBINTL_H 1
| #define HAVE_MALLOC_H 1
| #define HAVE_NETDB_H 1
| #define HAVE_NETINET_IN_H 1
| #define HAVE_POLL_H 1
| #define HAVE_PWD_H 1
| #define HAVE_STDDEF_H 1
| #define HAVE_STDLIB_H 1
| #define HAVE_SYS_PARAM_H 1
| #define HAVE_SYS_SOCKET_H 1
| #define HAVE_SYS_TIME_H 1
| #define HAVE_SYS_TYPES_H 1
| #define HAVE_UNISTD_H 1
| #define HAVE__BOOL 1
| #define HAVE_STDBOOL_H 1
| /* end confdefs.h.  */
| #include <stddef.h>
| #ifdef HAVE_STDIO_H
| # include <stdio.h>
| #endif
| #ifdef HAVE_STDLIB_H
| # include <stdlib.h>
| #endif
| #ifdef HAVE_STRING_H
| # include <string.h>
| #endif
| #ifdef HAVE_INTTYPES_H
| # include <inttypes.h>
| #endif
| #ifdef HAVE_STDINT_H
| # include <stdint.h>
| #endif
| #ifdef HAVE_STRINGS_H
| # include <strings.h>
| #endif
| #ifdef HAVE_SYS_TYPES_H
| # include <sys/types.h>
| #endif
| #ifdef HAVE_SYS_STAT_H
| # include <sys/stat.h>
| #endif
| #ifdef HAVE_UNISTD_H
| # include <unistd.h>
| #endif
| 	        enum { N = 32 / 2 - 1 };
| int
| main (void)
| {
| static int test_array [1 - 2 * !((int32_t) (((((int32_t) 1 << N) << N) - 1) * 2 + 1)
| 		 < (int32_t) (((((int32_t) 1 << N) << N) - 1) * 2 + 2))];
| test_array [0] = 0;
| return test_array [0];
| 
|   ;
|   return 0;
| }
configure:6579: result: yes
configure:6588: checking for int8_t
configure:6588: gcc -c -g -O2  -I/usr/include -I/usr/include conftest.c >&5
configure:6588: $? = 0
configure:6588: gcc -c -g -O2  -I/usr/include -I/usr/include conftest.c >&5
conftest.c: In function 'main':
conftest.c:78:12: error: size of array 'test_array' is negative
   78 | static int test_array [1 - 2 * !((int8_t) (((((int8_t) 1 << N) << N) - 1) * 2 + 1)
      |            ^~~~~~~~~~
configure:6588: $? = 1
configure: failed program was:
| /* confdefs.h */
| #define PACKAGE_NAME "RCSSServer"
| #define PACKAGE_TARNAME "rcssserver"
| #define PACKAGE_VERSION "19.0.0"
| #define PACKAGE_STRING "RCSSServer 19.0.0"
| #define PACKAGE_BUGREPORT "https://github.com/rcsoccersim/"
| #define PACKAGE_URL ""
| #define PACKAGE "rcssserver"
| #define VERSION "19.0.0"
| #define HAVE_LIBM 1
| #define HAVE_STDIO_H 1
| #define HAVE_STDLIB_H 1
| #define HAVE_STRING_H 1
| #define HAVE_INTTYPES_H 1
| #define HAVE_STDINT_H 1
| #define HAVE_STRINGS_H 1
| #define HAVE_SYS_STAT_H 1
| #define HAVE_SYS_TYPES_H 1
| #define HAVE_UNISTD_H 1
| #define HAVE_SYS_SELECT_H 1
| #define HAVE_SYS_SOCKET_H 1
| #define STDC_HEADERS 1
| #define HAVE_LIBZ 1
| #define HAVE_ALLOCA_H 1
| #define HAVE_ALLOCA 1
| #define HAVE_ARPA_INET_H 1
| #define HAVE_FCNTL_H 1
| #define HAVE_INTTYPES_H 1
| #define HAVE_LIBINTL_H 1
| #define HAVE_LIBINTL_H 1
| #define HAVE_MALLOC_H 1
| #define HAVE_NETDB_H 1
| #define HAVE_NETINET_IN_H 1
| #define HAVE_POLL_H 1
| #define HAVE_PWD_H 1
| #define HAVE_STDDEF_H 1
| #define HAVE_STDLIB_H 1
| #define HAVE_SYS_PARAM_H 1
| #define HAVE_SYS_SOCKET_H 1
| #define HAVE_SYS_TIME_H 1
| #define HAVE_SYS_TYPES_H 1
| #define HAVE_UNISTD_H 1
| #define HAVE__BOOL 1
| #define HAVE_STDBOOL_H 1
| /* end confdefs.h.  */
| #include <stddef.h>
| #ifdef HAVE_STDIO_H
| # include <stdio.h>
| #endif
| #ifdef HAVE_STDLIB_H
| # include <stdlib.h>
| #endif
| #ifdef HAVE_STRING_H
| # include <string.h>
| #endif
| #ifdef HAVE_INTTYPES_H
| # include <inttypes.h>
| #endif
| #ifdef HAVE_STDINT_H
| # include <stdint.h>
| #endif
| #ifdef HAVE_STRINGS_H
| # include <strings.h>
| #endif
| #ifdef HAVE_SYS_TYPES_H
| # include <sys/types.h>
| #endif
| #ifdef HAVE_SYS_STAT_H
| # include <sys/stat.h>
| #endif
| #ifdef HAVE_UNISTD_H
| # include <unistd.h>
| #endif
| 	        enum { N = 8 / 2 - 1 };
| int
| main (void)
| {
| static int test_array [1 - 2 * !((int8_t) (((((int8_t) 1 << N) << N) - 1) * 2 + 1)
| 		 < (int8_t) (((((int8_t) 1 << N) << N) - 1) * 2 + 2))];
| test_array [0] = 0;
| return test_array [0];
| 
|   ;
|   return 0;
| }
configure:6588: result: yes
configure:6597: checking for size_t
configure:6597: result: yes
configure:6608: checking whether struct tm is in sys/time.h or time.h
configure:6629: gcc -c -g -O2  -I/usr/include -I/usr/include conftest.c >&5
configure:6629: $? = 0
configure:6637: result: time.h
configure:6645: checking for uint16_t
configure:6645: gcc -c -g -O2  -I/usr/include -I/usr/include conftest.c >&5
configure:6645: $? = 0
configure:6645: result: yes
configure:6655: checking for uint32_t
configure:6655: gcc -c -g -O2  -I/usr/include -I/usr/include conftest.c >&5
configure:6655: $? = 0
configure:6655: result: yes
configure:6667: checking for uint8_t
configure:6667: gcc -c -g -O2  -I/usr/include -I/usr/include conftest.c >&5
configure:6667: $? = 0
configure:6667: result: yes
configure:6679: checking for ptrdiff_t
configure:6679: gcc -c -g -O2  -I/usr/include -I/usr/include conftest.c >&5
configure:6679: $? = 0
configure:6679: gcc -c -g -O2  -I/usr/include -I/usr/include conftest.c >&5
conftest.c: In function 'main':
conftest.c:77:24: error: expected expression before ')' token
   77 | if (sizeof ((ptrdiff_t)))
      |                        ^
configure:6679: $? = 1
configure: failed program was:
| /* confdefs.h */
| #define PACKAGE_NAME "RCSSServer"
| #define PACKAGE_TARNAME "rcssserver"
| #define PACKAGE_VERSION "19.0.0"
| #define PACKAGE_STRING "RCSSServer 19.0.0"
| #define PACKAGE_BUGREPORT "https://github.com/rcsoccersim/"
| #define PACKAGE_URL ""
| #define PACKAGE "rcssserver"
| #define VERSION "19.0.0"
| #define HAVE_LIBM 1
| #define HAVE_STDIO_H 1
| #define HAVE_STDLIB_H 1
| #define HAVE_STRING_H 1
| #define HAVE_INTTYPES_H 1
| #define HAVE_STDINT_H 1
| #define HAVE_STRINGS_H 1
| #define HAVE_SYS_STAT_H 1
| #define HAVE_SYS_TYPES_H 1
| #define HAVE_UNISTD_H 1
| #define HAVE_SYS_SELECT_H 1
| #define HAVE_SYS_SOCKET_H 1
| #define STDC_HEADERS 1
| #define HAVE_LIBZ 1
| #define HAVE_ALLOCA_H 1
| #define HAVE_ALLOCA 1
| #define HAVE_ARPA_INET_H 1
| #define HAVE_FCNTL_H 1
| #define HAVE_INTTYPES_H 1
| #define HAVE_LIBINTL_H 1
| #define HAVE_LIBINTL_H 1
| #define HAVE_MALLOC_H 1
| #define HAVE_NETDB_H 1
| #define HAVE_NETINET_IN_H 1
| #define HAVE_POLL_H 1
| #define HAVE_PWD_H 1
| #define HAVE_STDDEF_H 1
| #define HAVE_STDLIB_H 1
| #define HAVE_SYS_PARAM_H 1
| #define HAVE_SYS_SOCKET_H 1
| #define HAVE_SYS_TIME_H 1
| #define HAVE_SYS_TYPES_H 1
| #define HAVE_UNISTD_H 1
| #define HAVE__BOOL 1
| #define HAVE_STDBOOL_H 1
| /* end confdefs.h.  */
| #include <stddef.h>
| #ifdef HAVE_STDIO_H
| # include <stdio.h>
| #endif
| #ifdef HAVE_STDLIB_H
| # include <stdlib.h>
| #endif
| #ifdef HAVE_STRING_H
| # include <string.h>
| #endif
| #ifdef HAVE_INTTYPES_H
| # include <inttypes.h>
| #endif
| #ifdef HAVE_STDINT_H
| # include <stdint.h>
| #endif
| #ifdef HAVE_STRINGS_H
| # include <strings.h>
| #endif
| #ifdef HAVE_SYS_TYPES_H
| # include <sys/types.h>
| #endif
| #ifdef HAVE_SYS_STAT_H
| # include <sys/stat.h>
| #endif
| #ifdef HAVE_UNISTD_H
| # include <unistd.h>
| #endif
| int
| main (void)
| {
| if (sizeof ((ptrdiff_t)))
| 	    return 0;
|   ;
|   return 0;
| }
configure:6679: result: yes
configure:6689: checking for socklen_t
configure:6689: gcc -c -g -O2  -I/usr/include -I/usr/include conftest.c >&5
configure:6689: $? = 0
configure:6689: gcc -c -g -O2  -I/usr/include -I/usr/include conftest.c >&5
conftest.c: In function 'main':
conftest.c:55:24: error: expected expression before ')' token
   55 | if (sizeof ((socklen_t)))
      |                        ^
configure:6689: $? = 1
configure: failed program was:
| /* confdefs.h */
| #define PACKAGE_NAME "RCSSServer"
| #define PACKAGE_TARNAME "rcssserver"
| #define PACKAGE_VERSION "19.0.0"
| #define PACKAGE_STRING "RCSSServer 19.0.0"
| #define PACKAGE_BUGREPORT "https://github.com/rcsoccersim/"
| #define PACKAGE_URL ""
| #define PACKAGE "rcssserver"
| #define VERSION "19.0.0"
| #define HAVE_LIBM 1
| #define HAVE_STDIO_H 1
| #define HAVE_STDLIB_H 1
| #define HAVE_STRING_H 1
| #define HAVE_INTTYPES_H 1
| #define HAVE_STDINT_H 1
| #define HAVE_STRINGS_H 1
| #define HAVE_SYS_STAT_H 1
| #define HAVE_SYS_TYPES_H 1
| #define HAVE_UNISTD_H 1
| #define HAVE_SYS_SELECT_H 1
| #define HAVE_SYS_SOCKET_H 1
| #define STDC_HEADERS 1
| #define HAVE_LIBZ 1
| #define HAVE_ALLOCA_H 1
| #define HAVE_ALLOCA 1
| #define HAVE_ARPA_INET_H 1
| #define HAVE_FCNTL_H 1
| #define HAVE_INTTYPES_H 1
| #define HAVE_LIBINTL_H 1
| #define HAVE_LIBINTL_H 1
| #define HAVE_MALLOC_H 1
| #define HAVE_NETDB_H 1
| #define HAVE_NETINET_IN_H 1
| #define HAVE_POLL_H 1
| #define HAVE_PWD_H 1
| #define HAVE_STDDEF_H 1
| #define HAVE_STDLIB_H 1
| #define HAVE_SYS_PARAM_H 1
| #define HAVE_SYS_SOCKET_H 1
| #define HAVE_SYS_TIME_H 1
| #define HAVE_SYS_TYPES_H 1
| #define HAVE_UNISTD_H 1
| #define HAVE__BOOL 1
| #define HAVE_STDBOOL_H 1
| #define HAVE_PTRDIFF_T 1
| /* end confdefs.h.  */
| 
| #include <sys/types.h>
| #include <sys/socket.h>
| 
| 
| int
| main (void)
| {
| if (sizeof ((socklen_t)))
| 	    return 0;
|   ;
|   return 0;
| }
configure:6689: result: yes
configure:6709: checking for pid_t
configure:6709: gcc -c -g -O2  -I/usr/include -I/usr/include conftest.c >&5
configure:6709: $? = 0
configure:6709: gcc -c -g -O2  -I/usr/include -I/usr/include conftest.c >&5
conftest.c: In function 'main':
conftest.c:80:20: error: expected expression before ')' token
   80 | if (sizeof ((pid_t)))
      |                    ^
configure:6709: $? = 1
configure: failed program was:
| /* confdefs.h */
| #define PACKAGE_NAME "RCSSServer"
| #define PACKAGE_TARNAME "rcssserver"
| #define PACKAGE_VERSION "19.0.0"
| #define PACKAGE_STRING "RCSSServer 19.0.0"
| #define PACKAGE_BUGREPORT "https://github.com/rcsoccersim/"
| #define PACKAGE_URL ""
| #define PACKAGE "rcssserver"
| #define VERSION "19.0.0"
| #define HAVE_LIBM 1
| #define HAVE_STDIO_H 1
| #define HAVE_STDLIB_H 1
| #define HAVE_STRING_H 1
| #define HAVE_INTTYPES_H 1
| #define HAVE_STDINT_H 1
| #define HAVE_STRINGS_H 1
| #define HAVE_SYS_STAT_H 1
| #define HAVE_SYS_TYPES_H 1
| #define HAVE_UNISTD_H 1
| #define HAVE_SYS_SELECT_H 1
| #define HAVE_SYS_SOCKET_H 1
| #define STDC_HEADERS 1
| #define HAVE_LIBZ 1
| #define HAVE_ALLOCA_H 1
| #define HAVE_ALLOCA 1
| #define HAVE_ARPA_INET_H 1
| #define HAVE_FCNTL_H 1
| #define HAVE_INTTYPES_H 1
| #define HAVE_LIBINTL_H 1
| #define HAVE_LIBINTL_H 1
| #define HAVE_MALLOC_H 1
| #define HAVE_NETDB_H 1
| #define HAVE_NETINET_IN_H 1
| #define HAVE_POLL_H 1
| #define HAVE_PWD_H 1
| #define HAVE_STDDEF_H 1
| #define HAVE_STDLIB_H 1
| #define HAVE_SYS_PARAM_H 1
| #define HAVE_SYS_SOCKET_H 1
| #define HAVE_SYS_TIME_H 1
| #define HAVE_SYS_TYPES_H 1
| #define HAVE_UNISTD_H 1
| #define HAVE__BOOL 1
| #define HAVE_STDBOOL_H 1
| #define HAVE_PTRDIFF_T 1
| #define HAVE_SOCKLEN_T 1
| /* end confdefs.h.  */
| #include <stddef.h>
| #ifdef HAVE_STDIO_H
| # include <stdio.h>
| #endif
| #ifdef HAVE_STDLIB_H
| # include <stdlib.h>
| #endif
| #ifdef HAVE_STRING_H
| # include <string.h>
| #endif
| #ifdef HAVE_INTTYPES_H
| # include <inttypes.h>
| #endif
| #ifdef HAVE_STDINT_H
| # include <stdint.h>
| #endif
| #ifdef HAVE_STRINGS_H
| # include <strings.h>
| #endif
| #ifdef HAVE_SYS_TYPES_H
| # include <sys/types.h>
| #endif
| #ifdef HAVE_SYS_STAT_H
| # include <sys/stat.h>
| #endif
| #ifdef HAVE_UNISTD_H
| # include <unistd.h>
| #endif
| 
| int
| main (void)
| {
| if (sizeof ((pid_t)))
| 	    return 0;
|   ;
|   return 0;
| }
configure:6709: result: yes
configure:6750: checking for fork
configure:6750: gcc -o conftest -g -O2  -I/usr/include -I/usr/include  -L/usr/lib -L/usr/lib conftest.c -lz -lm  >&5
conftest.c:64:6: warning: conflicting types for built-in function 'fork'; expected 'int(void)' [-Wbuiltin-declaration-mismatch]
   64 | char fork ();
      |      ^~~~
configure:6750: $? = 0
configure:6750: result: yes
configure:6750: checking for vfork
configure:6750: gcc -o conftest -g -O2  -I/usr/include -I/usr/include  -L/usr/lib -L/usr/lib conftest.c -lz -lm  >&5
configure:6750: $? = 0
configure:6750: result: yes
configure:6763: checking for working fork
configure:6787: gcc -o conftest -g -O2  -I/usr/include -I/usr/include  -L/usr/lib -L/usr/lib conftest.c -lz -lm  >&5
configure:6787: $? = 0
configure:6787: ./conftest
configure:6787: $? = 0
configure:6798: result: yes
configure:6819: checking for working vfork
configure:6948: result: yes
configure:6979: checking build system type
configure:6994: result: x86_64-pc-linux-gnu
configure:7014: checking host system type
configure:7028: result: x86_64-pc-linux-gnu
configure:7048: checking for GNU libc compatible malloc
configure:7080: gcc -o conftest -g -O2  -I/usr/include -I/usr/include  -L/usr/lib -L/usr/lib conftest.c -lz -lm  >&5
configure:7080: $? = 0
configure:7080: ./conftest
configure:7080: $? = 0
configure:7091: result: yes
configure:7113: checking for GNU libc compatible realloc
configure:7145: gcc -o conftest -g -O2  -I/usr/include -I/usr/include  -L/usr/lib -L/usr/lib conftest.c -lz -lm  >&5
configure:7145: $? = 0
configure:7145: ./conftest
configure:7145: $? = 0
configure:7156: result: yes
configure:7178: checking return type of signal handlers
configure:7197: gcc -c -g -O2  -I/usr/include -I/usr/include conftest.c >&5
conftest.c: In function 'main':
conftest.c:60:10: error: void value not ignored as it ought to be
   60 | return *(signal (0, 0)) (0) == 1;
      |         ~^~~~~~~~~~~~~~~~~~
configure:7197: $? = 1
configure: failed program was:
| /* confdefs.h */
| #define PACKAGE_NAME "RCSSServer"
| #define PACKAGE_TARNAME "rcssserver"
| #define PACKAGE_VERSION "19.0.0"
| #define PACKAGE_STRING "RCSSServer 19.0.0"
| #define PACKAGE_BUGREPORT "https://github.com/rcsoccersim/"
| #define PACKAGE_URL ""
| #define PACKAGE "rcssserver"
| #define VERSION "19.0.0"
| #define HAVE_LIBM 1
| #define HAVE_STDIO_H 1
| #define HAVE_STDLIB_H 1
| #define HAVE_STRING_H 1
| #define HAVE_INTTYPES_H 1
| #define HAVE_STDINT_H 1
| #define HAVE_STRINGS_H 1
| #define HAVE_SYS_STAT_H 1
| #define HAVE_SYS_TYPES_H 1
| #define HAVE_UNISTD_H 1
| #define HAVE_SYS_SELECT_H 1
| #define HAVE_SYS_SOCKET_H 1
| #define STDC_HEADERS 1
| #define HAVE_LIBZ 1
| #define HAVE_ALLOCA_H 1
| #define HAVE_ALLOCA 1
| #define HAVE_ARPA_INET_H 1
| #define HAVE_FCNTL_H 1
| #define HAVE_INTTYPES_H 1
| #define HAVE_LIBINTL_H 1
| #define HAVE_LIBINTL_H 1
| #define HAVE_MALLOC_H 1
| #define HAVE_NETDB_H 1
| #define HAVE_NETINET_IN_H 1
| #define HAVE_POLL_H 1
| #define HAVE_PWD_H 1
| #define HAVE_STDDEF_H 1
| #define HAVE_STDLIB_H 1
| #define HAVE_SYS_PARAM_H 1
| #define HAVE_SYS_SOCKET_H 1
| #define HAVE_SYS_TIME_H 1
| #define HAVE_SYS_TYPES_H 1
| #define HAVE_UNISTD_H 1
| #define HAVE__BOOL 1
| #define HAVE_STDBOOL_H 1
| #define HAVE_PTRDIFF_T 1
| #define HAVE_SOCKLEN_T 1
| #define HAVE_FORK 1
| #define HAVE_VFORK 1
| #define HAVE_WORKING_VFORK 1
| #define HAVE_WORKING_FORK 1
| #define HAVE_MALLOC 1
| #define HAVE_REALLOC 1
| /* end confdefs.h.  */
| #include <sys/types.h>
| #include <signal.h>
| 
| int
| main (void)
| {
| return *(signal (0, 0)) (0) == 1;
|   ;
|   return 0;
| }
configure:7205: result: void
configure:7214: checking for strftime
configure:7214: gcc -o conftest -g -O2  -I/usr/include -I/usr/include  -L/usr/lib -L/usr/lib conftest.c -lz -lm  >&5
conftest.c:71:6: warning: conflicting types for built-in function 'strftime'; expected 'long unsigned int(char *, long unsigned int,  const char *, const void *)' [-Wbuiltin-declaration-mismatch]
   71 | char strftime ();
      |      ^~~~~~~~
conftest.c:63:1: note: 'strftime' is declared in header '<time.h>'
   62 | #include <limits.h>
   63 | #undef strftime
configure:7214: $? = 0
configure:7214: result: yes
configure:7266: checking for floor
configure:7266: gcc -o conftest -g -O2  -I/usr/include -I/usr/include  -L/usr/lib -L/usr/lib conftest.c -lz -lm  >&5
conftest.c:72:6: warning: conflicting types for built-in function 'floor'; expected 'double(double)' [-Wbuiltin-declaration-mismatch]
   72 | char floor ();
      |      ^~~~~
conftest.c:64:1: note: 'floor' is declared in header '<math.h>'
   63 | #include <limits.h>
   64 | #undef floor
configure:7266: $? = 0
configure:7266: result: yes
configure:7272: checking for gethostbyname
configure:7272: gcc -o conftest -g -O2  -I/usr/include -I/usr/include  -L/usr/lib -L/usr/lib conftest.c -lz -lm  >&5
configure:7272: $? = 0
configure:7272: result: yes
configure:7278: checking for gettimeofday
configure:7278: gcc -o conftest -g -O2  -I/usr/include -I/usr/include  -L/usr/lib -L/usr/lib conftest.c -lz -lm  >&5
configure:7278: $? = 0
configure:7278: result: yes
configure:7284: checking for inet_ntoa
configure:7284: gcc -o conftest -g -O2  -I/usr/include -I/usr/include  -L/usr/lib -L/usr/lib conftest.c -lz -lm  >&5
configure:7284: $? = 0
configure:7284: result: yes
configure:7290: checking for memset
configure:7290: gcc -o conftest -g -O2  -I/usr/include -I/usr/include  -L/usr/lib -L/usr/lib conftest.c -lz -lm  >&5
conftest.c:76:6: warning: conflicting types for built-in function 'memset'; expected 'void *(void *, int,  long unsigned int)' [-Wbuiltin-declaration-mismatch]
   76 | char memset ();
      |      ^~~~~~
conftest.c:68:1: note: 'memset' is declared in header '<string.h>'
   67 | #include <limits.h>
   68 | #undef memset
configure:7290: $? = 0
configure:7290: result: yes
configure:7296: checking for mkdir
configure:7296: gcc -o conftest -g -O2  -I/usr/include -I/usr/include  -L/usr/lib -L/usr/lib conftest.c -lz -lm  >&5
configure:7296: $? = 0
configure:7296: result: yes
configure:7302: checking for pow
configure:7302: gcc -o conftest -g -O2  -I/usr/include -I/usr/include  -L/usr/lib -L/usr/lib conftest.c -lz -lm  >&5
conftest.c:78:6: warning: conflicting types for built-in function 'pow'; expected 'double(double,  double)' [-Wbuiltin-declaration-mismatch]
   78 | char pow ();
      |      ^~~
conftest.c:70:1: note: 'pow' is declared in header '<math.h>'
   69 | #include <limits.h>
   70 | #undef pow
configure:7302: $? = 0
configure:7302: result: yes
configure:7308: checking for rint
configure:7308: gcc -o conftest -g -O2  -I/usr/include -I/usr/include  -L/usr/lib -L/usr/lib conftest.c -lz -lm  >&5
conftest.c:79:6: warning: conflicting types for built-in function 'rint'; expected 'double(double)' [-Wbuiltin-declaration-mismatch]
   79 | char rint ();
      |      ^~~~
conftest.c:71:1: note: 'rint' is declared in header '<math.h>'
   70 | #include <limits.h>
   71 | #undef rint
configure:7308: $? = 0
configure:7308: result: yes
configure:7315: checking for select
configure:7315: gcc -o conftest -g -O2  -I/usr/include -I/usr/include  -L/usr/lib -L/usr/lib conftest.c -lz -lm  >&5
configure:7315: $? = 0
configure:7315: result: yes
configure:7321: checking for socket
configure:7321: gcc -o conftest -g -O2  -I/usr/include -I/usr/include  -L/usr/lib -L/usr/lib conftest.c -lz -lm  >&5
configure:7321: $? = 0
configure:7321: result: yes
configure:7327: checking for sqrt
configure:7327: gcc -o conftest -g -O2  -I/usr/include -I/usr/include  -L/usr/lib -L/usr/lib conftest.c -lz -lm  >&5
conftest.c:82:6: warning: conflicting types for built-in function 'sqrt'; expected 'double(double)' [-Wbuiltin-declaration-mismatch]
   82 | char sqrt ();
      |      ^~~~
conftest.c:74:1: note: 'sqrt' is declared in header '<math.h>'
   73 | #include <limits.h>
   74 | #undef sqrt
configure:7327: $? = 0
configure:7327: result: yes
configure:7333: checking for strdup
configure:7333: gcc -o conftest -g -O2  -I/usr/include -I/usr/include  -L/usr/lib -L/usr/lib conftest.c -lz -lm  >&5
conftest.c:83:6: warning: conflicting types for built-in function 'strdup'; expected 'char *(const char *)' [-Wbuiltin-declaration-mismatch]
   83 | char strdup ();
      |      ^~~~~~
configure:7333: $? = 0
configure:7333: result: yes
configure:7339: checking for strerror
configure:7339: gcc -o conftest -g -O2  -I/usr/include -I/usr/include  -L/usr/lib -L/usr/lib conftest.c -lz -lm  >&5
configure:7339: $? = 0
configure:7339: result: yes
configure:7366: checking for flex
configure:7387: found /usr/bin/flex
configure:7398: result: flex
configure:7447: checking for lex output file root
configure:7460: flex conftest.l
configure:7464: $? = 0
configure:7472: result: lex.yy
configure:7487: checking for lex library
configure:7512: gcc -o conftest -g -O2  -I/usr/include -I/usr/include  -L/usr/lib -L/usr/lib conftest.c -lz -lm  >&5
configure:7512: $? = 0
configure:7525: result: none needed
configure:7540: checking for library containing yywrap
configure:7570: gcc -o conftest -g -O2  -I/usr/include -I/usr/include  -L/usr/lib -L/usr/lib conftest.c  >&5
/usr/bin/ld: /tmp/ccak6G7f.o: in function `main':
/home/maeshima/robocup/rcssserver/conftest.c:77:(.text.startup+0xb): undefined reference to `yywrap'
collect2: error: ld returned 1 exit status
configure:7570: $? = 1
configure: failed program was:
| /* confdefs.h */
| #define PACKAGE_NAME "RCSSServer"
| #define PACKAGE_TARNAME "rcssserver"
| #define PACKAGE_VERSION "19.0.0"
| #define PACKAGE_STRING "RCSSServer 19.0.0"
| #define PACKAGE_BUGREPORT "https://github.com/rcsoccersim/"
| #define PACKAGE_URL ""
| #define PACKAGE "rcssserver"
| #define VERSION "19.0.0"
| #define HAVE_LIBM 1
| #define HAVE_STDIO_H 1
| #define HAVE_STDLIB_H 1
| #define HAVE_STRING_H 1
| #define HAVE_INTTYPES_H 1
| #define HAVE_STDINT_H 1
| #define HAVE_STRINGS_H 1
| #define HAVE_SYS_STAT_H 1
| #define HAVE_SYS_TYPES_H 1
| #define HAVE_UNISTD_H 1
| #define HAVE_SYS_SELECT_H 1
| #define HAVE_SYS_SOCKET_H 1
| #define STDC_HEADERS 1
| #define HAVE_LIBZ 1
| #define HAVE_ALLOCA_H 1
| #define HAVE_ALLOCA 1
| #define HAVE_ARPA_INET_H 1
| #define HAVE_FCNTL_H 1
| #define HAVE_INTTYPES_H 1
| #define HAVE_LIBINTL_H 1
| #define HAVE_LIBINTL_H 1
| #define HAVE_MALLOC_H 1
| #define HAVE_NETDB_H 1
| #define HAVE_NETINET_IN_H 1
| #define HAVE_POLL_H 1
| #define HAVE_PWD_H 1
| #define HAVE_STDDEF_H 1
| #define HAVE_STDLIB_H 1
| #define HAVE_SYS_PARAM_H 1
| #define HAVE_SYS_SOCKET_H 1
| #define HAVE_SYS_TIME_H 1
| #define HAVE_SYS_TYPES_H 1
| #define HAVE_UNISTD_H 1
| #define HAVE__BOOL 1
| #define HAVE_STDBOOL_H 1
| #define HAVE_PTRDIFF_T 1
| #define HAVE_SOCKLEN_T 1
| #define HAVE_FORK 1
| #define HAVE_VFORK 1
| #define HAVE_WORKING_VFORK 1
| #define HAVE_WORKING_FORK 1
| #define HAVE_MALLOC 1
| #define HAVE_REALLOC 1
| #define RETSIGTYPE void
| #define HAVE_STRFTIME 1
| #define HAVE_FLOOR 1
| #define HAVE_GETHOSTBYNAME 1
| #define HAVE_GETTIMEOFDAY 1
| #define HAVE_INET_NTOA 1
| #define HAVE_MEMSET 1
| #define HAVE_MKDIR 1
| #define HAVE_POW 1
| #define HAVE_RINT 1
| #define HAVE_SELECT 1
| #define HAVE_SOCKET 1
| #define HAVE_SQRT 1
| #define HAVE_STRDUP 1
| #define HAVE_STRERROR 1
| /* end confdefs.h.  */
| 
| /* Override any GCC internal prototype to avoid an error.
|    Use char because int might match the return type of a GCC
|    builtin and then its argument prototype would still apply.  */
| char yywrap ();
| int
| main (void)
| {
| return yywrap ();
|   ;
|   return 0;
| }
configure:7570: gcc -o conftest -g -O2  -I/usr/include -I/usr/include  -L/usr/lib -L/usr/lib conftest.c -lfl   >&5
/usr/bin/ld: /usr/lib/gcc/x86_64-linux-gnu/13/../../../x86_64-linux-gnu/libfl.so: undefined reference to `yylex'
collect2: error: ld returned 1 exit status
configure:7570: $? = 1
configure: failed program was:
| /* confdefs.h */
| #define PACKAGE_NAME "RCSSServer"
| #define PACKAGE_TARNAME "rcssserver"
| #define PACKAGE_VERSION "19.0.0"
| #define PACKAGE_STRING "RCSSServer 19.0.0"
| #define PACKAGE_BUGREPORT "https://github.com/rcsoccersim/"
| #define PACKAGE_URL ""
| #define PACKAGE "rcssserver"
| #define VERSION "19.0.0"
| #define HAVE_LIBM 1
| #define HAVE_STDIO_H 1
| #define HAVE_STDLIB_H 1
| #define HAVE_STRING_H 1
| #define HAVE_INTTYPES_H 1
| #define HAVE_STDINT_H 1
| #define HAVE_STRINGS_H 1
| #define HAVE_SYS_STAT_H 1
| #define HAVE_SYS_TYPES_H 1
| #define HAVE_UNISTD_H 1
| #define HAVE_SYS_SELECT_H 1
| #define HAVE_SYS_SOCKET_H 1
| #define STDC_HEADERS 1
| #define HAVE_LIBZ 1
| #define HAVE_ALLOCA_H 1
| #define HAVE_ALLOCA 1
| #define HAVE_ARPA_INET_H 1
| #define HAVE_FCNTL_H 1
| #define HAVE_INTTYPES_H 1
| #define HAVE_LIBINTL_H 1
| #define HAVE_LIBINTL_H 1
| #define HAVE_MALLOC_H 1
| #define HAVE_NETDB_H 1
| #define HAVE_NETINET_IN_H 1
| #define HAVE_POLL_H 1
| #define HAVE_PWD_H 1
| #define HAVE_STDDEF_H 1
| #define HAVE_STDLIB_H 1
| #define HAVE_SYS_PARAM_H 1
| #define HAVE_SYS_SOCKET_H 1
| #define HAVE_SYS_TIME_H 1
| #define HAVE_SYS_TYPES_H 1
| #define HAVE_UNISTD_H 1
| #define HAVE__BOOL 1
| #define HAVE_STDBOOL_H 1
| #define HAVE_PTRDIFF_T 1
| #define HAVE_SOCKLEN_T 1
| #define HAVE_FORK 1
| #define HAVE_VFORK 1
| #define HAVE_WORKING_VFORK 1
| #define HAVE_WORKING_FORK 1
| #define HAVE_MALLOC 1
| #define HAVE_REALLOC 1
| #define RETSIGTYPE void
| #define HAVE_STRFTIME 1
| #define HAVE_FLOOR 1
| #define HAVE_GETHOSTBYNAME 1
| #define HAVE_GETTIMEOFDAY 1
| #define HAVE_INET_NTOA 1
| #define HAVE_MEMSET 1
| #define HAVE_MKDIR 1
| #define HAVE_POW 1
| #define HAVE_RINT 1
| #define HAVE_SELECT 1
| #define HAVE_SOCKET 1
| #define HAVE_SQRT 1
| #define HAVE_STRDUP 1
| #define HAVE_STRERROR 1
| /* end confdefs.h.  */
| 
| /* Override any GCC internal prototype to avoid an error.
|    Use char because int might match the return type of a GCC
|    builtin and then its argument prototype would still apply.  */
| char yywrap ();
| int
| main (void)
| {
| return yywrap ();
|   ;
|   return 0;
| }
configure:7570: gcc -o conftest -g -O2  -I/usr/include -I/usr/include  -L/usr/lib -L/usr/lib conftest.c -ll   >&5
configure:7570: $? = 0
configure:7590: result: -ll
configure:7606: checking whether yytext is a pointer
configure:7622: gcc -c -g -O2  -I/usr/include -I/usr/include conftest.c >&5
configure:7622: $? = 0
configure:7629: result: yes
configure:7644: checking for grep that handles long lines and -e
configure:7708: result: /usr/bin/grep
configure:7713: checking for egrep
configure:7781: result: /usr/bin/grep -E
configure:7790: checking if flex is the lexer generator
configure:7805: result: yes
configure:7832: checking for bison
configure:7853: found /usr/bin/bison
configure:7864: result: bison -y
configure:7880: checking if bison is the parser generator
configure:7895: result: yes
configure:8026: checking how to print strings
configure:8053: result: printf
configure:8074: checking for a sed that does not truncate output
configure:8144: result: /usr/bin/sed
configure:8162: checking for fgrep
configure:8230: result: /usr/bin/grep -F
configure:8266: checking for ld used by gcc
configure:8334: result: /usr/bin/ld
configure:8341: checking if the linker (/usr/bin/ld) is GNU ld
configure:8357: result: yes
configure:8369: checking for BSD- or MS-compatible name lister (nm)
configure:8424: result: /usr/bin/nm -B
configure:8564: checking the name lister (/usr/bin/nm -B) interface
configure:8572: gcc -c -g -O2  -I/usr/include -I/usr/include conftest.c >&5
configure:8575: /usr/bin/nm -B "conftest.o"
configure:8578: output
0000000000000000 B some_variable
configure:8585: result: BSD nm
configure:8589: checking the maximum length of command line arguments
configure:8721: result: 1572864
configure:8769: checking how to convert x86_64-pc-linux-gnu file names to x86_64-pc-linux-gnu format
configure:8810: result: func_convert_file_noop
configure:8817: checking how to convert x86_64-pc-linux-gnu file names to toolchain format
configure:8838: result: func_convert_file_noop
configure:8845: checking for /usr/bin/ld option to reload object files
configure:8853: result: -r
configure:8932: checking for file
configure:8953: found /usr/bin/file
configure:8964: result: file
configure:9040: checking for objdump
configure:9061: found /usr/bin/objdump
configure:9072: result: objdump
configure:9104: checking how to recognize dependent libraries
configure:9305: result: pass_all
configure:9395: checking for dlltool
configure:9430: result: no
configure:9460: checking how to associate runtime and link libraries
configure:9488: result: printf %s\n
configure:9553: checking for ar
configure:9574: found /usr/bin/ar
configure:9585: result: ar
configure:9638: checking for archiver @FILE support
configure:9656: gcc -c -g -O2  -I/usr/include -I/usr/include conftest.c >&5
configure:9656: $? = 0
configure:9660: ar cr libconftest.a @conftest.lst >&5
configure:9663: $? = 0
configure:9668: ar cr libconftest.a @conftest.lst >&5
ar: conftest.o: No such file or directory
configure:9671: $? = 1
configure:9683: result: @
configure:9746: checking for strip
configure:9767: found /usr/bin/strip
configure:9778: result: strip
configure:9855: checking for ranlib
configure:9876: found /usr/bin/ranlib
configure:9887: result: ranlib
configure:9989: checking command to parse /usr/bin/nm -B output from gcc object
configure:10143: gcc -c -g -O2  -I/usr/include -I/usr/include conftest.c >&5
configure:10146: $? = 0
configure:10150: /usr/bin/nm -B conftest.o | /usr/bin/sed -n -e 's/^.*[	 ]\([ABCDGIRSTW][ABCDGIRSTW]*\)[	 ][	 ]*\([_A-Za-z][_A-Za-z0-9]*\)$/\1 \2 \2/p' | /usr/bin/sed '/ __gnu_lto/d' > conftest.nm
configure:10216: gcc -o conftest -g -O2  -I/usr/include -I/usr/include  -L/usr/lib -L/usr/lib conftest.c conftstm.o >&5
configure:10219: $? = 0
configure:10257: result: ok
configure:10304: checking for sysroot
configure:10335: result: no
configure:10342: checking for a working dd
configure:10386: result: /usr/bin/dd
configure:10390: checking how to truncate binary pipes
configure:10406: result: /usr/bin/dd bs=4096 count=1
configure:10543: gcc -c -g -O2  -I/usr/include -I/usr/include conftest.c >&5
configure:10546: $? = 0
configure:10743: checking for mt
configure:10778: result: no
configure:10798: checking if : is a manifest tool
configure:10805: : '-?'
configure:10813: result: no
configure:11534: checking for dlfcn.h
configure:11534: gcc -c -g -O2  -I/usr/include -I/usr/include conftest.c >&5
configure:11534: $? = 0
configure:11534: result: yes
configure:11742: checking for objdir
configure:11758: result: .libs
configure:12022: checking if gcc supports -fno-rtti -fno-exceptions
configure:12041: gcc -c -g -O2  -I/usr/include -I/usr/include -fno-rtti -fno-exceptions conftest.c >&5
cc1: warning: command-line option '-fno-rtti' is valid for C++/D/ObjC++ but not for C
configure:12045: $? = 0
configure:12058: result: no
configure:12422: checking for gcc option to produce PIC
configure:12430: result: -fPIC -DPIC
configure:12438: checking if gcc PIC flag -fPIC -DPIC works
configure:12457: gcc -c -g -O2  -I/usr/include -I/usr/include -fPIC -DPIC -DPIC conftest.c >&5
configure:12461: $? = 0
configure:12474: result: yes
configure:12503: checking if gcc static flag -static works
configure:12532: result: yes
configure:12547: checking if gcc supports -c -o file.o
configure:12569: gcc -c -g -O2  -I/usr/include -I/usr/include -o out/conftest2.o conftest.c >&5
configure:12573: $? = 0
configure:12595: result: yes
configure:12603: checking if gcc supports -c -o file.o
configure:12651: result: yes
configure:12684: checking whether the gcc linker (/usr/bin/ld -m elf_x86_64) supports shared libraries
configure:13958: result: yes
configure:13995: checking whether -lc should be explicitly linked in
configure:14004: gcc -c -g -O2  -I/usr/include -I/usr/include conftest.c >&5
configure:14007: $? = 0
configure:14022: gcc -shared  -fPIC -DPIC conftest.o  -v -Wl,-soname -Wl,conftest -o conftest 2\>\&1 \| /usr/bin/grep  -lc  \>/dev/null 2\>\&1
configure:14025: $? = 0
configure:14039: result: no
configure:14199: checking dynamic linker characteristics
configure:14781: gcc -o conftest -g -O2  -I/usr/include -I/usr/include  -L/usr/lib -L/usr/lib -Wl,-rpath -Wl,/foo conftest.c -lz -lm  >&5
configure:14781: $? = 0
configure:15032: result: GNU/Linux ld.so
configure:15154: checking how to hardcode library paths into programs
configure:15179: result: immediate
configure:15731: checking whether stripping libraries is possible
configure:15740: result: yes
configure:15782: checking if libtool supports shared libraries
configure:15784: result: yes
configure:15787: checking whether to build shared libraries
configure:15812: result: yes
configure:15815: checking whether to build static libraries
configure:15819: result: no
configure:15842: checking how to run the C++ preprocessor
configure:15864: g++ -E  -I/usr/include -I/usr/include conftest.cpp
configure:15864: $? = 0
configure:15879: g++ -E  -I/usr/include -I/usr/include conftest.cpp
conftest.cpp:72:10: fatal error: ac_nonexistent.h: No such file or directory
   72 | #include <ac_nonexistent.h>
      |          ^~~~~~~~~~~~~~~~~~
compilation terminated.
configure:15879: $? = 1
configure: failed program was:
| /* confdefs.h */
| #define PACKAGE_NAME "RCSSServer"
| #define PACKAGE_TARNAME "rcssserver"
| #define PACKAGE_VERSION "19.0.0"
| #define PACKAGE_STRING "RCSSServer 19.0.0"
| #define PACKAGE_BUGREPORT "https://github.com/rcsoccersim/"
| #define PACKAGE_URL ""
| #define PACKAGE "rcssserver"
| #define VERSION "19.0.0"
| #define HAVE_LIBM 1
| #define HAVE_STDIO_H 1
| #define HAVE_STDLIB_H 1
| #define HAVE_STRING_H 1
| #define HAVE_INTTYPES_H 1
| #define HAVE_STDINT_H 1
| #define HAVE_STRINGS_H 1
| #define HAVE_SYS_STAT_H 1
| #define HAVE_SYS_TYPES_H 1
| #define HAVE_UNISTD_H 1
| #define HAVE_SYS_SELECT_H 1
| #define HAVE_SYS_SOCKET_H 1
| #define STDC_HEADERS 1
| #define HAVE_LIBZ 1
| #define HAVE_ALLOCA_H 1
| #define HAVE_ALLOCA 1
| #define HAVE_ARPA_INET_H 1
| #define HAVE_FCNTL_H 1
| #define HAVE_INTTYPES_H 1
| #define HAVE_LIBINTL_H 1
| #define HAVE_LIBINTL_H 1
| #define HAVE_MALLOC_H 1
| #define HAVE_NETDB_H 1
| #define HAVE_NETINET_IN_H 1
| #define HAVE_POLL_H 1
| #define HAVE_PWD_H 1
| #define HAVE_STDDEF_H 1
| #define HAVE_STDLIB_H 1
| #define HAVE_SYS_PARAM_H 1
| #define HAVE_SYS_SOCKET_H 1
| #define HAVE_SYS_TIME_H 1
| #define HAVE_SYS_TYPES_H 1
| #define HAVE_UNISTD_H 1
| #define HAVE__BOOL 1
| #define HAVE_STDBOOL_H 1
| #define HAVE_PTRDIFF_T 1
| #define HAVE_SOCKLEN_T 1
| #define HAVE_FORK 1
| #define HAVE_VFORK 1
| #define HAVE_WORKING_VFORK 1
| #define HAVE_WORKING_FORK 1
| #define HAVE_MALLOC 1
| #define HAVE_REALLOC 1
| #define RETSIGTYPE void
| #define HAVE_STRFTIME 1
| #define HAVE_FLOOR 1
| #define HAVE_GETHOSTBYNAME 1
| #define HAVE_GETTIMEOFDAY 1
| #define HAVE_INET_NTOA 1
| #define HAVE_MEMSET 1
| #define HAVE_MKDIR 1
| #define HAVE_POW 1
| #define HAVE_RINT 1
| #define HAVE_SELECT 1
| #define HAVE_SOCKET 1
| #define HAVE_SQRT 1
| #define HAVE_STRDUP 1
| #define HAVE_STRERROR 1
| #define YYTEXT_POINTER 1
| #define HAVE_DLFCN_H 1
| #define LT_OBJDIR ".libs/"
| /* end confdefs.h.  */
| #include <ac_nonexistent.h>
configure:15906: result: g++ -E
configure:15920: g++ -E  -I/usr/include -I/usr/include conftest.cpp
configure:15920: $? = 0
configure:15935: g++ -E  -I/usr/include -I/usr/include conftest.cpp
conftest.cpp:72:10: fatal error: ac_nonexistent.h: No such file or directory
   72 | #include <ac_nonexistent.h>
      |          ^~~~~~~~~~~~~~~~~~
compilation terminated.
configure:15935: $? = 1
configure: failed program was:
| /* confdefs.h */
| #define PACKAGE_NAME "RCSSServer"
| #define PACKAGE_TARNAME "rcssserver"
| #define PACKAGE_VERSION "19.0.0"
| #define PACKAGE_STRING "RCSSServer 19.0.0"
| #define PACKAGE_BUGREPORT "https://github.com/rcsoccersim/"
| #define PACKAGE_URL ""
| #define PACKAGE "rcssserver"
| #define VERSION "19.0.0"
| #define HAVE_LIBM 1
| #define HAVE_STDIO_H 1
| #define HAVE_STDLIB_H 1
| #define HAVE_STRING_H 1
| #define HAVE_INTTYPES_H 1
| #define HAVE_STDINT_H 1
| #define HAVE_STRINGS_H 1
| #define HAVE_SYS_STAT_H 1
| #define HAVE_SYS_TYPES_H 1
| #define HAVE_UNISTD_H 1
| #define HAVE_SYS_SELECT_H 1
| #define HAVE_SYS_SOCKET_H 1
| #define STDC_HEADERS 1
| #define HAVE_LIBZ 1
| #define HAVE_ALLOCA_H 1
| #define HAVE_ALLOCA 1
| #define HAVE_ARPA_INET_H 1
| #define HAVE_FCNTL_H 1
| #define HAVE_INTTYPES_H 1
| #define HAVE_LIBINTL_H 1
| #define HAVE_LIBINTL_H 1
| #define HAVE_MALLOC_H 1
| #define HAVE_NETDB_H 1
| #define HAVE_NETINET_IN_H 1
| #define HAVE_POLL_H 1
| #define HAVE_PWD_H 1
| #define HAVE_STDDEF_H 1
| #define HAVE_STDLIB_H 1
| #define HAVE_SYS_PARAM_H 1
| #define HAVE_SYS_SOCKET_H 1
| #define HAVE_SYS_TIME_H 1
| #define HAVE_SYS_TYPES_H 1
| #define HAVE_UNISTD_H 1
| #define HAVE__BOOL 1
| #define HAVE_STDBOOL_H 1
| #define HAVE_PTRDIFF_T 1
| #define HAVE_SOCKLEN_T 1
| #define HAVE_FORK 1
| #define HAVE_VFORK 1
| #define HAVE_WORKING_VFORK 1
| #define HAVE_WORKING_FORK 1
| #define HAVE_MALLOC 1
| #define HAVE_REALLOC 1
| #define RETSIGTYPE void
| #define HAVE_STRFTIME 1
| #define HAVE_FLOOR 1
| #define HAVE_GETHOSTBYNAME 1
| #define HAVE_GETTIMEOFDAY 1
| #define HAVE_INET_NTOA 1
| #define HAVE_MEMSET 1
| #define HAVE_MKDIR 1
| #define HAVE_POW 1
| #define HAVE_RINT 1
| #define HAVE_SELECT 1
| #define HAVE_SOCKET 1
| #define HAVE_SQRT 1
| #define HAVE_STRDUP 1
| #define HAVE_STRERROR 1
| #define YYTEXT_POINTER 1
| #define HAVE_DLFCN_H 1
| #define LT_OBJDIR ".libs/"
| /* end confdefs.h.  */
| #include <ac_nonexistent.h>
configure:16100: checking for ld used by g++
configure:16168: result: /usr/bin/ld -m elf_x86_64
configure:16175: checking if the linker (/usr/bin/ld -m elf_x86_64) is GNU ld
configure:16191: result: yes
configure:16246: checking whether the g++ linker (/usr/bin/ld -m elf_x86_64) supports shared libraries
configure:17324: result: yes
configure:17360: g++ -c -g -O2  -I/usr/include -I/usr/include conftest.cpp >&5
configure:17363: $? = 0
configure:17844: checking for g++ option to produce PIC
configure:17852: result: -fPIC -DPIC
configure:17860: checking if g++ PIC flag -fPIC -DPIC works
configure:17879: g++ -c -g -O2  -I/usr/include -I/usr/include -fPIC -DPIC -DPIC conftest.cpp >&5
configure:17883: $? = 0
configure:17896: result: yes
configure:17919: checking if g++ static flag -static works
configure:17948: result: yes
configure:17960: checking if g++ supports -c -o file.o
configure:17982: g++ -c -g -O2  -I/usr/include -I/usr/include -o out/conftest2.o conftest.cpp >&5
configure:17986: $? = 0
configure:18008: result: yes
configure:18013: checking if g++ supports -c -o file.o
configure:18061: result: yes
configure:18091: checking whether the g++ linker (/usr/bin/ld -m elf_x86_64) supports shared libraries
configure:18134: result: yes
configure:18276: checking dynamic linker characteristics
configure:19036: result: GNU/Linux ld.so
configure:19101: checking how to hardcode library paths into programs
configure:19126: result: immediate
configure:19246: checking whether g++ supports C++17 features with -std=c++17
configure:20047: g++ -std=c++17 -c -g -O2  -I/usr/include -I/usr/include conftest.cpp >&5
configure:20047: $? = 0
configure:20057: result: yes
configure:20254: checking for boostlib >= 1.44.0 (104400)
configure:20286: g++ -std=c++17 -c -g -O2  -I/usr/include -I/usr/include -I/usr/include conftest.cpp >&5
configure:20286: $? = 0
configure:20289: result: yes
configure:20483: checking whether the Boost::System library is available
configure:20509: g++ -std=c++17 -c   -I/usr/include -I/usr/include -I/usr/include conftest.cpp >&5
configure:20509: $? = 0
configure:20525: result: yes
configure:20540: checking for exit in -lboost_system
configure:20563: gcc -o conftest -g -O2  -I/usr/include -I/usr/include -I/usr/include  -L/usr/lib -L/usr/lib -L/usr/lib/x86_64-linux-gnu conftest.c -lboost_system  -lz -lm  >&5
conftest.c:79:6: warning: conflicting types for built-in function 'exit'; expected 'void(int)' [-Wbuiltin-declaration-mismatch]
   79 | char exit ();
      |      ^~~~
conftest.c:1:1: note: 'exit' is declared in header '<stdlib.h>'
    1 | /* confdefs.h */
configure:20563: $? = 0
configure:20574: result: yes
configure:20725: checking for select
configure:20725: result: yes
configure:20735: checking types of arguments for select
configure:20765: gcc -c -g -O2  -I/usr/include -I/usr/include -I/usr/include conftest.c >&5
configure:20765: $? = 0
configure:20775: result: int,fd_set *,struct timeval *
configure:20912: checking that generated files are newer than configure
configure:20918: result: done
configure:20945: creating ./config.status

## ---------------------- ##
## Running config.status. ##
## ---------------------- ##

This file was extended by RCSSServer config.status 19.0.0, which was
generated by GNU Autoconf 2.71.  Invocation command line was

  CONFIG_FILES    = 
  CONFIG_HEADERS  = 
  CONFIG_LINKS    = 
  CONFIG_COMMANDS = 
  $ ./config.status 

on HarukinoPC

config.status:1225: creating Makefile
config.status:1225: creating rcss/Makefile
config.status:1225: creating rcss/net/Makefile
config.status:1225: creating rcss/conf/Makefile
config.status:1225: creating rcss/gzip/Makefile
config.status:1225: creating rcss/clang/Makefile
config.status:1225: creating src/Makefile
config.status:1225: creating src/rcsoccersim
config.status:1225: creating config.h
config.status:1454: executing depfiles commands
config.status:1531: cd rcss/net       && sed -e '/# am--include-marker/d' Makefile         | make -f - am--depfiles
config.status:1536: $? = 0
config.status:1531: cd rcss/conf       && sed -e '/# am--include-marker/d' Makefile         | make -f - am--depfiles
config.status:1536: $? = 0
config.status:1531: cd rcss/gzip       && sed -e '/# am--include-marker/d' Makefile         | make -f - am--depfiles
config.status:1536: $? = 0
config.status:1531: cd rcss/clang       && sed -e '/# am--include-marker/d' Makefile         | make -f - am--depfiles
/tmp/GmvfilFU:920: warning: ignoring prerequisites on suffix rule definition
/tmp/GmvfilFU:912: warning: ignoring prerequisites on suffix rule definition
config.status:1536: $? = 0
config.status:1531: cd src       && sed -e '/# am--include-marker/d' Makefile         | make -f - am--depfiles
/tmp/Gm6ejFcY:1212: warning: ignoring prerequisites on suffix rule definition
/tmp/Gm6ejFcY:1204: warning: ignoring prerequisites on suffix rule definition
config.status:1536: $? = 0
config.status:1454: executing libtool commands

## ---------------- ##
## Cache variables. ##
## ---------------- ##

ac_cv_build=x86_64-pc-linux-gnu
ac_cv_c_compiler_gnu=yes
ac_cv_c_const=yes
ac_cv_c_inline=inline
ac_cv_c_int16_t=yes
ac_cv_c_int32_t=yes
ac_cv_c_int8_t=yes
ac_cv_c_uint16_t=yes
ac_cv_c_uint32_t=yes
ac_cv_c_uint8_t=yes
ac_cv_cxx_compiler_gnu=yes
ac_cv_env_CCC_set=
ac_cv_env_CCC_value=
ac_cv_env_CC_set=
ac_cv_env_CC_value=
ac_cv_env_CFLAGS_set=
ac_cv_env_CFLAGS_value=
ac_cv_env_CPPFLAGS_set=
ac_cv_env_CPPFLAGS_value=
ac_cv_env_CPP_set=
ac_cv_env_CPP_value=
ac_cv_env_CXXCPP_set=
ac_cv_env_CXXCPP_value=
ac_cv_env_CXXFLAGS_set=
ac_cv_env_CXXFLAGS_value=
ac_cv_env_CXX_set=
ac_cv_env_CXX_value=
ac_cv_env_FLEX_set=
ac_cv_env_FLEX_value=
ac_cv_env_LDFLAGS_set=
ac_cv_env_LDFLAGS_value=
ac_cv_env_LIBS_set=
ac_cv_env_LIBS_value=
ac_cv_env_LT_SYS_LIBRARY_PATH_set=
ac_cv_env_LT_SYS_LIBRARY_PATH_value=
ac_cv_env_RCSSCLIENT_LIBS_set=
ac_cv_env_RCSSCLIENT_LIBS_value=
ac_cv_env_YACC_set=
ac_cv_env_YACC_value=
ac_cv_env_YFLAGS_set=
ac_cv_env_YFLAGS_value=
ac_cv_env_build_alias_set=
ac_cv_env_build_alias_value=
ac_cv_env_host_alias_set=
ac_cv_env_host_alias_value=
ac_cv_env_target_alias_set=
ac_cv_env_target_alias_value=
ac_cv_func_alloca_works=yes
ac_cv_func_floor=yes
ac_cv_func_fork=yes
ac_cv_func_fork_works=yes
ac_cv_func_gethostbyname=yes
ac_cv_func_gettimeofday=yes
ac_cv_func_inet_ntoa=yes
ac_cv_func_malloc_0_nonnull=yes
ac_cv_func_memset=yes
ac_cv_func_mkdir=yes
ac_cv_func_pow=yes
ac_cv_func_realloc_0_nonnull=yes
ac_cv_func_rint=yes
ac_cv_func_select=yes
ac_cv_func_select_args='int,fd_set *,struct timeval *'
ac_cv_func_socket=yes
ac_cv_func_sqrt=yes
ac_cv_func_strdup=yes
ac_cv_func_strerror=yes
ac_cv_func_strftime=yes
ac_cv_func_vfork=yes
ac_cv_func_vfork_works=yes
ac_cv_header_arpa_inet_h=yes
ac_cv_header_dlfcn_h=yes
ac_cv_header_fcntl_h=yes
ac_cv_header_inttypes_h=yes
ac_cv_header_libintl_h=yes
ac_cv_header_malloc_h=yes
ac_cv_header_netdb_h=yes
ac_cv_header_netinet_in_h=yes
ac_cv_header_poll_h=yes
ac_cv_header_pwd_h=yes
ac_cv_header_stdbool_h=yes
ac_cv_header_stddef_h=yes
ac_cv_header_stdint_h=yes
ac_cv_header_stdio_h=yes
ac_cv_header_stdlib_h=yes
ac_cv_header_string_h=yes
ac_cv_header_strings_h=yes
ac_cv_header_sys_param_h=yes
ac_cv_header_sys_select_h=yes
ac_cv_header_sys_socket_h=yes
ac_cv_header_sys_stat_h=yes
ac_cv_header_sys_time_h=yes
ac_cv_header_sys_types_h=yes
ac_cv_header_unistd_h=yes
ac_cv_header_vfork_h=no
ac_cv_header_zlib_h=yes
ac_cv_host=x86_64-pc-linux-gnu
ac_cv_lib_boost_system_exit=yes
ac_cv_lib_lex='none needed'
ac_cv_lib_m_cos=yes
ac_cv_lib_z_inflateEnd=yes
ac_cv_objext=o
ac_cv_path_EGREP='/usr/bin/grep -E'
ac_cv_path_FGREP='/usr/bin/grep -F'
ac_cv_path_GREP=/usr/bin/grep
ac_cv_path_SED=/usr/bin/sed
ac_cv_path_install='/usr/bin/install -c'
ac_cv_path_lt_DD=/usr/bin/dd
ac_cv_path_mkdir=/usr/bin/mkdir
ac_cv_prog_AWK=gawk
ac_cv_prog_CPP='gcc -E'
ac_cv_prog_CXXCPP='g++ -E'
ac_cv_prog_LEX=flex
ac_cv_prog_YACC='bison -y'
ac_cv_prog_ac_ct_AR=ar
ac_cv_prog_ac_ct_CC=gcc
ac_cv_prog_ac_ct_CXX=g++
ac_cv_prog_ac_ct_FILECMD=file
ac_cv_prog_ac_ct_OBJDUMP=objdump
ac_cv_prog_ac_ct_RANLIB=ranlib
ac_cv_prog_ac_ct_STRIP=strip
ac_cv_prog_cc_c11=
ac_cv_prog_cc_g=yes
ac_cv_prog_cc_stdc=
ac_cv_prog_cxx_cxx11=
ac_cv_prog_cxx_g=yes
ac_cv_prog_cxx_stdcxx=
ac_cv_prog_lex_root=lex.yy
ac_cv_prog_lex_yytext_pointer=yes
ac_cv_prog_make_make_set=yes
ac_cv_search_yywrap=-ll
ac_cv_struct_tm=time.h
ac_cv_type__Bool=yes
ac_cv_type_pid_t=yes
ac_cv_type_ptrdiff_t=yes
ac_cv_type_signal=void
ac_cv_type_size_t=yes
ac_cv_type_socklen_t=yes
ac_cv_working_alloca_h=yes
am_cv_CC_dependencies_compiler_type=gcc3
am_cv_CXX_dependencies_compiler_type=gcc3
am_cv_make_support_nested_variables=yes
am_cv_prog_cc_c_o=yes
ax_cv_boost_system=yes
ax_cv_cxx_compile_cxx17__std_cpp17=yes
ax_cv_prog_bison=yes
ax_cv_prog_flex=yes
lt_cv_ar_at_file=@
lt_cv_archive_cmds_need_lc=no
lt_cv_deplibs_check_method=pass_all
lt_cv_file_magic_cmd='$MAGIC_CMD'
lt_cv_file_magic_test_file=
lt_cv_ld_reload_flag=-r
lt_cv_nm_interface='BSD nm'
lt_cv_objdir=.libs
lt_cv_path_LD=/usr/bin/ld
lt_cv_path_LDCXX='/usr/bin/ld -m elf_x86_64'
lt_cv_path_NM='/usr/bin/nm -B'
lt_cv_path_mainfest_tool=no
lt_cv_prog_compiler_c_o=yes
lt_cv_prog_compiler_c_o_CXX=yes
lt_cv_prog_compiler_pic='-fPIC -DPIC'
lt_cv_prog_compiler_pic_CXX='-fPIC -DPIC'
lt_cv_prog_compiler_pic_works=yes
lt_cv_prog_compiler_pic_works_CXX=yes
lt_cv_prog_compiler_rtti_exceptions=no
lt_cv_prog_compiler_static_works=yes
lt_cv_prog_compiler_static_works_CXX=yes
lt_cv_prog_gnu_ld=yes
lt_cv_prog_gnu_ldcxx=yes
lt_cv_sharedlib_from_linklib_cmd='printf %s\n'
lt_cv_shlibpath_overrides_runpath=yes
lt_cv_sys_global_symbol_pipe='/usr/bin/sed -n -e '\''s/^.*[	 ]\([ABCDGIRSTW][ABCDGIRSTW]*\)[	 ][	 ]*\([_A-Za-z][_A-Za-z0-9]*\)$/\1 \2 \2/p'\'' | /usr/bin/sed '\''/ __gnu_lto/d'\'''
lt_cv_sys_global_symbol_to_c_name_address='/usr/bin/sed -n -e '\''s/^: \(.*\) .*$/  {"\1", (void *) 0},/p'\'' -e '\''s/^[ABCDGIRSTW][ABCDGIRSTW]* .* \(.*\)$/  {"\1", (void *) \&\1},/p'\'''
lt_cv_sys_global_symbol_to_c_name_address_lib_prefix='/usr/bin/sed -n -e '\''s/^: \(.*\) .*$/  {"\1", (void *) 0},/p'\'' -e '\''s/^[ABCDGIRSTW][ABCDGIRSTW]* .* \(lib.*\)$/  {"\1", (void *) \&\1},/p'\'' -e '\''s/^[ABCDGIRSTW][ABCDGIRSTW]* .* \(.*\)$/  {"lib\1", (void *) \&\1},/p'\'''
lt_cv_sys_global_symbol_to_cdecl='/usr/bin/sed -n -e '\''s/^T .* \(.*\)$/extern int \1();/p'\'' -e '\''s/^[ABCDGIRSTW][ABCDGIRSTW]* .* \(.*\)$/extern char \1;/p'\'''
lt_cv_sys_global_symbol_to_import=
lt_cv_sys_max_cmd_len=1572864
lt_cv_to_host_file_cmd=func_convert_file_noop
lt_cv_to_tool_file_cmd=func_convert_file_noop
lt_cv_truncate_bin='/usr/bin/dd bs=4096 count=1'
zlib_cv_libz=yes
zlib_cv_zlib_h=yes

## ----------------- ##
## Output variables. ##
## ----------------- ##

ACLOCAL='${SHELL} '\''/home/maeshima/robocup/rcssserver/missing'\'' aclocal-1.16'
ALLOCA=''
AMDEPBACKSLASH='\'
AMDEP_FALSE='#'
AMDEP_TRUE=''
AMTAR='$${TAR-tar}'
AM_BACKSLASH='\'
AM_DEFAULT_V='$(AM_DEFAULT_VERBOSITY)'
AM_DEFAULT_VERBOSITY='1'
AM_FLEXFLAGS='-olex.yy.c'
AM_V='$(V)'
AR='ar'
AUTOCONF='${SHELL} '\''/home/maeshima/robocup/rcssserver/missing'\'' autoconf'
AUTOHEADER='${SHELL} '\''/home/maeshima/robocup/rcssserver/missing'\'' autoheader'
AUTOMAKE='${SHELL} '\''/home/maeshima/robocup/rcssserver/missing'\'' automake-1.16'
AWK='gawk'
BOOST_CPPFLAGS='-I/usr/include'
BOOST_LDFLAGS='-L/usr/lib/x86_64-linux-gnu'
BOOST_SYSTEM_LIB='-lboost_system'
CC='gcc'
CCDEPMODE='depmode=gcc3'
CFLAGS='-g -O2'
CPP='gcc -E'
CPPFLAGS=' -I/usr/include -I/usr/include -I/usr/include'
CSCOPE='cscope'
CTAGS='ctags'
CXX='g++ -std=c++17'
CXXCPP='g++ -E -std=c++17'
CXXDEPMODE='depmode=gcc3'
CXXFLAGS='-g -O2'
CYGPATH_W='echo'
DEFS='-DHAVE_CONFIG_H'
DEPDIR='.deps'
DLLTOOL='false'
DSYMUTIL=''
DUMPBIN=''
ECHO_C=''
ECHO_N='-n'
ECHO_T=''
EGREP='/usr/bin/grep -E'
ETAGS='etags'
EXEEXT=''
FGREP='/usr/bin/grep -F'
FILECMD='file'
FLEX='flex'
FLEXFLAGS=''
GREP='/usr/bin/grep'
HAVE_CXX17='1'
INSTALL_DATA='${INSTALL} -m 644'
INSTALL_PROGRAM='${INSTALL}'
INSTALL_SCRIPT='${INSTALL}'
INSTALL_STRIP_PROGRAM='$(install_sh) -c -s'
LD='/usr/bin/ld -m elf_x86_64'
LDFLAGS=' -L/usr/lib -L/usr/lib -L/usr/lib/x86_64-linux-gnu'
LEX='flex'
LEXLIB='-ll '
LEX_OUTPUT_ROOT='lex.yy'
LIBOBJS=''
LIBS='-lz -lm '
LIBTOOL='$(SHELL) $(top_builddir)/libtool'
LIBTOOL_DEPS='.//ltmain.sh'
LIPO=''
LN_S='ln -s'
LTLIBOBJS=''
LT_SYS_LIBRARY_PATH=''
MAKEINFO='${SHELL} '\''/home/maeshima/robocup/rcssserver/missing'\'' makeinfo'
MANIFEST_TOOL=':'
MKDIR_P='/usr/bin/mkdir -p'
NM='/usr/bin/nm -B'
NMEDIT=''
OBJDUMP='objdump'
OBJEXT='o'
OTOOL64=''
OTOOL=''
PACKAGE='rcssserver'
PACKAGE_BUGREPORT='https://github.com/rcsoccersim/'
PACKAGE_NAME='RCSSServer'
PACKAGE_STRING='RCSSServer 19.0.0'
PACKAGE_TARNAME='rcssserver'
PACKAGE_URL=''
PACKAGE_VERSION='19.0.0'
PATH_SEPARATOR=':'
RANLIB='ranlib'
RCSSCLIENT='rcssclient'
RCSSCLIENT_LIBS=''
SED='/usr/bin/sed'
SET_MAKE=''
SHELL='/bin/bash'
STRIP='strip'
VERSION='19.0.0'
YACC='bison -o y.tab.c'
YFLAGS=''
ac_ct_AR='ar'
ac_ct_CC='gcc'
ac_ct_CXX='g++'
ac_ct_DUMPBIN=''
am__EXEEXT_FALSE=''
am__EXEEXT_TRUE='#'
am__fastdepCC_FALSE='#'
am__fastdepCC_TRUE=''
am__fastdepCXX_FALSE='#'
am__fastdepCXX_TRUE=''
am__include='include'
am__isrc=''
am__leading_dot='.'
am__nodep='_no'
am__quote=''
am__tar='$${TAR-tar} chof - "$$tardir"'
am__untar='$${TAR-tar} xf -'
bindir='${exec_prefix}/bin'
build='x86_64-pc-linux-gnu'
build_alias=''
build_cpu='x86_64'
build_os='linux-gnu'
build_vendor='pc'
datadir='${datarootdir}'
datarootdir='${prefix}/share'
docdir='${datarootdir}/doc/${PACKAGE_TARNAME}'
dvidir='${docdir}'
exec_prefix='${prefix}'
host='x86_64-pc-linux-gnu'
host_alias=''
host_cpu='x86_64'
host_os='linux-gnu'
host_vendor='pc'
htmldir='${docdir}'
includedir='${prefix}/include'
infodir='${datarootdir}/info'
install_sh='${SHELL} /home/maeshima/robocup/rcssserver/install-sh'
libdir='${exec_prefix}/lib'
libexecdir='${exec_prefix}/libexec'
localedir='${datarootdir}/locale'
localstatedir='${prefix}/var'
mandir='${datarootdir}/man'
mkdir_p='$(MKDIR_P)'
oldincludedir='/usr/include'
pdfdir='${docdir}'
prefix='/usr/local'
program_transform_name='s,x,x,'
psdir='${docdir}'
runstatedir='${localstatedir}/run'
sbindir='${exec_prefix}/sbin'
sharedstatedir='${prefix}/com'
sysconfdir='${prefix}/etc'
target_alias=''

## ----------- ##
## confdefs.h. ##
## ----------- ##

/* confdefs.h */
#define PACKAGE_NAME "RCSSServer"
#define PACKAGE_TARNAME "rcssserver"
#define PACKAGE_VERSION "19.0.0"
#define PACKAGE_STRING "RCSSServer 19.0.0"
#define PACKAGE_BUGREPORT "https://github.com/rcsoccersim/"
#define PACKAGE_URL ""
#define PACKAGE "rcssserver"
#define VERSION "19.0.0"
#define HAVE_LIBM 1
#define HAVE_STDIO_H 1
#define HAVE_STDLIB_H 1
#define HAVE_STRING_H 1
#define HAVE_INTTYPES_H 1
#define HAVE_STDINT_H 1
#define HAVE_STRINGS_H 1
#define HAVE_SYS_STAT_H 1
#define HAVE_SYS_TYPES_H 1
#define HAVE_UNISTD_H 1
#define HAVE_SYS_SELECT_H 1
#define HAVE_SYS_SOCKET_H 1
#define STDC_HEADERS 1
#define HAVE_LIBZ 1
#define HAVE_ALLOCA_H 1
#define HAVE_ALLOCA 1
#define HAVE_ARPA_INET_H 1
#define HAVE_FCNTL_H 1
#define HAVE_INTTYPES_H 1
#define HAVE_LIBINTL_H 1
#define HAVE_LIBINTL_H 1
#define HAVE_MALLOC_H 1
#define HAVE_NETDB_H 1
#define HAVE_NETINET_IN_H 1
#define HAVE_POLL_H 1
#define HAVE_PWD_H 1
#define HAVE_STDDEF_H 1
#define HAVE_STDLIB_H 1
#define HAVE_SYS_PARAM_H 1
#define HAVE_SYS_SOCKET_H 1
#define HAVE_SYS_TIME_H 1
#define HAVE_SYS_TYPES_H 1
#define HAVE_UNISTD_H 1
#define HAVE__BOOL 1
#define HAVE_STDBOOL_H 1
#define HAVE_PTRDIFF_T 1
#define HAVE_SOCKLEN_T 1
#define HAVE_FORK 1
#define HAVE_VFORK 1
#define HAVE_WORKING_VFORK 1
#define HAVE_WORKING_FORK 1
#define HAVE_MALLOC 1
#define HAVE_REALLOC 1
#define RETSIGTYPE void
#define HAVE_STRFTIME 1
#define HAVE_FLOOR 1
#define HAVE_GETHOSTBYNAME 1
#define HAVE_GETTIMEOFDAY 1
#define HAVE_INET_NTOA 1
#define HAVE_MEMSET 1
#define HAVE_MKDIR 1
#define HAVE_POW 1
#define HAVE_RINT 1
#define HAVE_SELECT 1
#define HAVE_SOCKET 1
#define HAVE_SQRT 1
#define HAVE_STRDUP 1
#define HAVE_STRERROR 1
#define YYTEXT_POINTER 1
#define HAVE_DLFCN_H 1
#define LT_OBJDIR ".libs/"
#define HAVE_CXX17 1
#define HAVE_BOOST /**/
#define HAVE_BOOST_SYSTEM /**/
#define HAVE_SELECT 1
#define SELECT_TYPE_ARG1 int
#define SELECT_TYPE_ARG234 (fd_set *)
#define SELECT_TYPE_ARG5 (struct timeval *)

configure: exit 0
